Using pre-set license
Built from '2020.3/staging' branch; Version is '2020.3.17f1 (a4537701e4ab) revision 10769271'; Using compiler version '192528614'; Build Type 'Release'
OS: 'Windows 10 Pro; OS build 18363.1556; Version 1909; 64bit' Language: 'en' Physical Memory: 65479 MB
BatchMode: 1, IsHumanControllingUs: 0, StartBugReporterOnCrash: 0, Is64bit: 1, IsPro: 0

COMMAND LINE ARGUMENTS:
C:\Program Files\Unity\Hub\Editor\2020.3.17f1\Editor\Unity.exe
-adb2
-batchMode
-noUpm
-name
AssetImportWorker0
-projectPath
C:/Users/MainUser/Tutorial 1.5
-logFile
Logs/AssetImportWorker0.log
-srvPort
57103
Successfully changed project path to: C:/Users/MainUser/Tutorial 1.5
C:/Users/MainUser/Tutorial 1.5
Using Asset Import Pipeline V2.
Refreshing native plugins compatible for Editor in 28.98 ms, found 3 plugins.
Preloading 0 native plugins for Editor in 0.00 ms.
Initialize engine version: 2020.3.17f1 (a4537701e4ab)
[Subsystems] Discovering subsystems at path C:/Program Files/Unity/Hub/Editor/2020.3.17f1/Editor/Data/Resources/UnitySubsystems
[Subsystems] Discovering subsystems at path C:/Users/MainUser/Tutorial 1.5/Assets
GfxDevice: creating device client; threaded=0
Direct3D:
    Version:  Direct3D 11.0 [level 11.1]
    Renderer: NVIDIA GeForce RTX 3080 (ID=0x2206)
    Vendor:   
    VRAM:     10077 MB
    Driver:   30.0.14.7196
Initialize mono
Mono path[0] = 'C:/Program Files/Unity/Hub/Editor/2020.3.17f1/Editor/Data/Managed'
Mono path[1] = 'C:/Program Files/Unity/Hub/Editor/2020.3.17f1/Editor/Data/MonoBleedingEdge/lib/mono/unityjit'
Mono config path = 'C:/Program Files/Unity/Hub/Editor/2020.3.17f1/Editor/Data/MonoBleedingEdge/etc'
Using monoOptions --debugger-agent=transport=dt_socket,embedding=1,server=y,suspend=n,address=127.0.0.1:56924
Begin MonoManager ReloadAssembly
Registering precompiled unity dll's ...
Register platform support module: C:/Program Files/Unity/Hub/Editor/2020.3.17f1/Editor/Data/PlaybackEngines/WindowsStandaloneSupport/UnityEditor.WindowsStandalone.Extensions.dll
Registered in 0.001462 seconds.
Native extension for WindowsStandalone target not found
Refreshing native plugins compatible for Editor in 28.68 ms, found 3 plugins.
Preloading 0 native plugins for Editor in 0.00 ms.
Mono: successfully reloaded assembly
- Completed reload, in  0.758 seconds
Domain Reload Profiling:
	ReloadAssembly (758ms)
		BeginReloadAssembly (37ms)
			ExecutionOrderSort (0ms)
			DisableScriptedObjects (0ms)
			BackupInstance (0ms)
			ReleaseScriptingObjects (0ms)
			CreateAndSetChildDomain (1ms)
		EndReloadAssembly (268ms)
			LoadAssemblies (35ms)
			RebuildTransferFunctionScriptingTraits (0ms)
			SetupTypeCache (91ms)
			ReleaseScriptCaches (0ms)
			RebuildScriptCaches (19ms)
			SetupLoadedEditorAssemblies (112ms)
				LogAssemblyErrors (0ms)
				InitializePlatformSupportModulesInManaged (3ms)
				SetLoadedEditorAssemblies (0ms)
				RefreshPlugins (29ms)
				BeforeProcessingInitializeOnLoad (6ms)
				ProcessInitializeOnLoadAttributes (55ms)
				ProcessInitializeOnLoadMethodAttributes (19ms)
				AfterProcessingInitializeOnLoad (0ms)
				EditorAssembliesLoaded (0ms)
			ExecutionOrderSort2 (0ms)
			AwakeInstancesAfterBackupRestoration (0ms)
Platform modules already initialized, skipping
Registering precompiled user dll's ...
Registered in 0.003078 seconds.
Begin MonoManager ReloadAssembly
Native extension for WindowsStandalone target not found
Refreshing native plugins compatible for Editor in 27.62 ms, found 3 plugins.
Preloading 0 native plugins for Editor in 0.00 ms.
Mono: successfully reloaded assembly
- Completed reload, in  0.743 seconds
Domain Reload Profiling:
	ReloadAssembly (743ms)
		BeginReloadAssembly (94ms)
			ExecutionOrderSort (0ms)
			DisableScriptedObjects (3ms)
			BackupInstance (0ms)
			ReleaseScriptingObjects (0ms)
			CreateAndSetChildDomain (16ms)
		EndReloadAssembly (609ms)
			LoadAssemblies (61ms)
			RebuildTransferFunctionScriptingTraits (0ms)
			SetupTypeCache (170ms)
			ReleaseScriptCaches (0ms)
			RebuildScriptCaches (30ms)
			SetupLoadedEditorAssemblies (272ms)
				LogAssemblyErrors (0ms)
				InitializePlatformSupportModulesInManaged (2ms)
				SetLoadedEditorAssemblies (0ms)
				RefreshPlugins (28ms)
				BeforeProcessingInitializeOnLoad (45ms)
				ProcessInitializeOnLoadAttributes (183ms)
				ProcessInitializeOnLoadMethodAttributes (8ms)
				AfterProcessingInitializeOnLoad (5ms)
				EditorAssembliesLoaded (0ms)
			ExecutionOrderSort2 (0ms)
			AwakeInstancesAfterBackupRestoration (4ms)
Platform modules already initialized, skipping
========================================================================
Worker process is ready to serve import requests
Launched and connected shader compiler UnityShaderCompiler.exe after 0.04 seconds
Refreshing native plugins compatible for Editor in 0.43 ms, found 3 plugins.
Preloading 0 native plugins for Editor in 0.00 ms.
Unloading 2092 Unused Serialized files (Serialized files now loaded: 0)
System memory in use before: 93.1 MB.
System memory in use after: 93.2 MB.

Unloading 28 unused Assets to reduce memory usage. Loaded Objects now: 2529.
Total: 2.581900 ms (FindLiveObjects: 0.150500 ms CreateObjectMapping: 0.055500 ms MarkObjects: 2.322600 ms  DeleteObjects: 0.052600 ms)

AssetImportParameters requested are different than current active one (requested -> active):
  custom:framework-win-MediaFoundation: 216162199b28c13a410421893ffa2e32 -> 
  custom:video-decoder-ogg-theora: a1e56fd34408186e4bbccfd4996cb3dc -> 
  custom:container-muxer-webm: aa71ff27fc2769a1b78a27578f13a17b -> 
  custom:container-demuxer-webm: 4f35f7cbe854078d1ac9338744f61a02 -> 
  custom:container-demuxer-ogg: 62fdf1f143b41e24485cea50d1cbac27 -> 
  custom:video-encoder-webm-vp8: eb34c28f22e8b96e1ab97ce403110664 -> 
  custom:video-decoder-webm-vp8: 9c59270c3fd7afecdb556c50c9e8de78 -> 
  custom:audio-decoder-ogg-vorbis: bf7c407c2cedff20999df2af8eb42d56 -> 
  custom:audio-encoder-webm-vorbis: bf7c407c2cedff20999df2af8eb42d56 -> 
========================================================================
Received Import Request.
  path: Assets
  artifactKey: Guid(00000000000000001000000000000000) Importer(815301076,1909f56bfc062723c751e8b465ee728b)
Start importing Assets using Guid(00000000000000001000000000000000) Importer(815301076,1909f56bfc062723c751e8b465ee728b)  -> (artifact id: '42d402b061de3733987d63b9cc3b64de') in 0.007819 seconds 
  Import took 0.010035 seconds .

========================================================================
Received Import Request.
  Time since last request: 10.730285 seconds.
  path: Assets/New Folder
  artifactKey: Guid(030dd957a5590464c84a21059bfb31ea) Importer(815301076,1909f56bfc062723c751e8b465ee728b)
Start importing Assets/New Folder using Guid(030dd957a5590464c84a21059bfb31ea) Importer(815301076,1909f56bfc062723c751e8b465ee728b)  -> (artifact id: 'ab80e0291fb9469fd327e6106af0881c') in 0.006148 seconds 
  Import took 0.008667 seconds .

========================================================================
Received Import Request.
  Time since last request: 15.812406 seconds.
  path: Assets/Animations
  artifactKey: Guid(030dd957a5590464c84a21059bfb31ea) Importer(815301076,1909f56bfc062723c751e8b465ee728b)
Start importing Assets/Animations using Guid(030dd957a5590464c84a21059bfb31ea) Importer(815301076,1909f56bfc062723c751e8b465ee728b)  -> (artifact id: '8b60e77138a12d3a8c51299fe6f30a71') in 0.006604 seconds 
  Import took 0.009197 seconds .

========================================================================
Received Import Request.
  Time since last request: 9.583062 seconds.
  path: Assets/Scripts
  artifactKey: Guid(3a8c60ce4fc4d1144bf0202707b84092) Importer(815301076,1909f56bfc062723c751e8b465ee728b)
Start importing Assets/Scripts using Guid(3a8c60ce4fc4d1144bf0202707b84092) Importer(815301076,1909f56bfc062723c751e8b465ee728b)  -> (artifact id: '02d469c90cf6336a8d9d1067fc8aef28') in 0.004089 seconds 
  Import took 0.006370 seconds .

========================================================================
Received Import Request.
  Time since last request: 5.443629 seconds.
  path: Assets/Sounds
  artifactKey: Guid(3f20d9ea14fab9b45a040c336c751e1e) Importer(815301076,1909f56bfc062723c751e8b465ee728b)
Start importing Assets/Sounds using Guid(3f20d9ea14fab9b45a040c336c751e1e) Importer(815301076,1909f56bfc062723c751e8b465ee728b)  -> (artifact id: '1a86c2d17378b03ef88e857a9f07ec14') in 0.004171 seconds 
  Import took 0.006497 seconds .

========================================================================
Received Import Request.
  Time since last request: 6.049180 seconds.
  path: Assets/Sprites
  artifactKey: Guid(c75f3168a3b3b6c4ea9cdb20582c029a) Importer(815301076,1909f56bfc062723c751e8b465ee728b)
Start importing Assets/Sprites using Guid(c75f3168a3b3b6c4ea9cdb20582c029a) Importer(815301076,1909f56bfc062723c751e8b465ee728b)  -> (artifact id: '4ca921e205d9bf8f72f77ac3318a8b50') in 0.004479 seconds 
  Import took 0.007099 seconds .

========================================================================
Received Prepare
Registering precompiled user dll's ...
Registered in 0.002842 seconds.
Begin MonoManager ReloadAssembly
Native extension for WindowsStandalone target not found
Refreshing native plugins compatible for Editor in 0.45 ms, found 3 plugins.
Preloading 0 native plugins for Editor in 0.00 ms.
Mono: successfully reloaded assembly
- Completed reload, in  0.683 seconds
Domain Reload Profiling:
	ReloadAssembly (683ms)
		BeginReloadAssembly (85ms)
			ExecutionOrderSort (0ms)
			DisableScriptedObjects (5ms)
			BackupInstance (0ms)
			ReleaseScriptingObjects (0ms)
			CreateAndSetChildDomain (29ms)
		EndReloadAssembly (554ms)
			LoadAssemblies (61ms)
			RebuildTransferFunctionScriptingTraits (0ms)
			SetupTypeCache (167ms)
			ReleaseScriptCaches (1ms)
			RebuildScriptCaches (26ms)
			SetupLoadedEditorAssemblies (236ms)
				LogAssemblyErrors (0ms)
				InitializePlatformSupportModulesInManaged (3ms)
				SetLoadedEditorAssemblies (0ms)
				RefreshPlugins (0ms)
				BeforeProcessingInitializeOnLoad (39ms)
				ProcessInitializeOnLoadAttributes (184ms)
				ProcessInitializeOnLoadMethodAttributes (4ms)
				AfterProcessingInitializeOnLoad (5ms)
				EditorAssembliesLoaded (0ms)
			ExecutionOrderSort2 (0ms)
			AwakeInstancesAfterBackupRestoration (7ms)
Platform modules already initialized, skipping
Refreshing native plugins compatible for Editor in 0.46 ms, found 3 plugins.
Preloading 0 native plugins for Editor in 0.00 ms.
Unloading 2082 Unused Serialized files (Serialized files now loaded: 0)
System memory in use before: 92.5 MB.
System memory in use after: 92.7 MB.

Unloading 16 unused Assets to reduce memory usage. Loaded Objects now: 2532.
Total: 2.694000 ms (FindLiveObjects: 0.173200 ms CreateObjectMapping: 0.058200 ms MarkObjects: 2.447700 ms  DeleteObjects: 0.014300 ms)

AssetImportParameters requested are different than current active one (requested -> active):
  custom:framework-win-MediaFoundation: 216162199b28c13a410421893ffa2e32 -> 
  custom:video-decoder-ogg-theora: a1e56fd34408186e4bbccfd4996cb3dc -> 
  custom:container-muxer-webm: aa71ff27fc2769a1b78a27578f13a17b -> 
  custom:container-demuxer-webm: 4f35f7cbe854078d1ac9338744f61a02 -> 
  custom:container-demuxer-ogg: 62fdf1f143b41e24485cea50d1cbac27 -> 
  custom:video-encoder-webm-vp8: eb34c28f22e8b96e1ab97ce403110664 -> 
  custom:video-decoder-webm-vp8: 9c59270c3fd7afecdb556c50c9e8de78 -> 
  custom:audio-decoder-ogg-vorbis: bf7c407c2cedff20999df2af8eb42d56 -> 
  custom:audio-encoder-webm-vorbis: bf7c407c2cedff20999df2af8eb42d56 -> 
========================================================================
Received Import Request.
  Time since last request: 75.061166 seconds.
  path: Assets/Scripts/NewBehaviour.cs
  artifactKey: Guid(eccf0bdafb8f6ca4ea6db67f2f43399f) Importer(815301076,1909f56bfc062723c751e8b465ee728b)
Start importing Assets/Scripts/NewBehaviour.cs using Guid(eccf0bdafb8f6ca4ea6db67f2f43399f) Importer(815301076,1909f56bfc062723c751e8b465ee728b)  -> (artifact id: '0863f6f3fd245d992520b921d068972f') in 0.021972 seconds 
  Import took 0.024987 seconds .

========================================================================
Received Import Request.
  Time since last request: 12.628987 seconds.
  path: Assets/Scripts/CatControl.cs
  artifactKey: Guid(eccf0bdafb8f6ca4ea6db67f2f43399f) Importer(815301076,1909f56bfc062723c751e8b465ee728b)
Start importing Assets/Scripts/CatControl.cs using Guid(eccf0bdafb8f6ca4ea6db67f2f43399f) Importer(815301076,1909f56bfc062723c751e8b465ee728b)  -> (artifact id: '72717f96cc7fc9f24e6ea21673ac2022') in 0.005459 seconds 
  Import took 0.008426 seconds .

========================================================================
Received Prepare
Registering precompiled user dll's ...
Registered in 0.003050 seconds.
Begin MonoManager ReloadAssembly
Native extension for WindowsStandalone target not found
Refreshing native plugins compatible for Editor in 0.45 ms, found 3 plugins.
Preloading 0 native plugins for Editor in 0.00 ms.
Mono: successfully reloaded assembly
- Completed reload, in  0.683 seconds
Domain Reload Profiling:
	ReloadAssembly (683ms)
		BeginReloadAssembly (84ms)
			ExecutionOrderSort (0ms)
			DisableScriptedObjects (5ms)
			BackupInstance (0ms)
			ReleaseScriptingObjects (0ms)
			CreateAndSetChildDomain (29ms)
		EndReloadAssembly (556ms)
			LoadAssemblies (60ms)
			RebuildTransferFunctionScriptingTraits (0ms)
			SetupTypeCache (167ms)
			ReleaseScriptCaches (1ms)
			RebuildScriptCaches (27ms)
			SetupLoadedEditorAssemblies (240ms)
				LogAssemblyErrors (0ms)
				InitializePlatformSupportModulesInManaged (3ms)
				SetLoadedEditorAssemblies (0ms)
				RefreshPlugins (0ms)
				BeforeProcessingInitializeOnLoad (40ms)
				ProcessInitializeOnLoadAttributes (186ms)
				ProcessInitializeOnLoadMethodAttributes (4ms)
				AfterProcessingInitializeOnLoad (5ms)
				EditorAssembliesLoaded (0ms)
			ExecutionOrderSort2 (0ms)
			AwakeInstancesAfterBackupRestoration (7ms)
Platform modules already initialized, skipping
Refreshing native plugins compatible for Editor in 0.55 ms, found 3 plugins.
Preloading 0 native plugins for Editor in 0.00 ms.
Unloading 2082 Unused Serialized files (Serialized files now loaded: 0)
System memory in use before: 92.6 MB.
System memory in use after: 92.7 MB.

Unloading 16 unused Assets to reduce memory usage. Loaded Objects now: 2535.
Total: 2.398300 ms (FindLiveObjects: 0.157400 ms CreateObjectMapping: 0.041100 ms MarkObjects: 2.185500 ms  DeleteObjects: 0.013600 ms)

AssetImportParameters requested are different than current active one (requested -> active):
  custom:framework-win-MediaFoundation: 216162199b28c13a410421893ffa2e32 -> 
  custom:video-decoder-ogg-theora: a1e56fd34408186e4bbccfd4996cb3dc -> 
  custom:container-muxer-webm: aa71ff27fc2769a1b78a27578f13a17b -> 
  custom:container-demuxer-webm: 4f35f7cbe854078d1ac9338744f61a02 -> 
  custom:container-demuxer-ogg: 62fdf1f143b41e24485cea50d1cbac27 -> 
  custom:video-encoder-webm-vp8: eb34c28f22e8b96e1ab97ce403110664 -> 
  custom:video-decoder-webm-vp8: 9c59270c3fd7afecdb556c50c9e8de78 -> 
  custom:audio-decoder-ogg-vorbis: bf7c407c2cedff20999df2af8eb42d56 -> 
  custom:audio-encoder-webm-vorbis: bf7c407c2cedff20999df2af8eb42d56 -> 
========================================================================
Received Import Request.
  Time since last request: 54.798296 seconds.
  path: Assets/Sprites/Dead (1).png
  artifactKey: Guid(c3e35220856103248a46f505937112cf) Importer(815301076,1909f56bfc062723c751e8b465ee728b)
Start importing Assets/Sprites/Dead (1).png using Guid(c3e35220856103248a46f505937112cf) Importer(815301076,1909f56bfc062723c751e8b465ee728b)  -> (artifact id: 'e31bf28bf1f9994529c79acb39469321') in 0.077028 seconds 
  Import took 0.080122 seconds .

========================================================================
Received Import Request.
  Time since last request: 0.000164 seconds.
  path: Assets/Sprites/Hurt (5).png
  artifactKey: Guid(f7f9cf631d4fd9540bb2121fb3b89381) Importer(815301076,1909f56bfc062723c751e8b465ee728b)
Start importing Assets/Sprites/Hurt (5).png using Guid(f7f9cf631d4fd9540bb2121fb3b89381) Importer(815301076,1909f56bfc062723c751e8b465ee728b)  -> (artifact id: '3a1c8fce070c36e04158f28b80b9241d') in 0.023358 seconds 
  Import took 0.025442 seconds .

========================================================================
Received Import Request.
  Time since last request: 0.000134 seconds.
  path: Assets/Sprites/Hurt (10).png
  artifactKey: Guid(652467494d3e20a4995e3e2c0f7de7c0) Importer(815301076,1909f56bfc062723c751e8b465ee728b)
Start importing Assets/Sprites/Hurt (10).png using Guid(652467494d3e20a4995e3e2c0f7de7c0) Importer(815301076,1909f56bfc062723c751e8b465ee728b)  -> (artifact id: '7bb719cfacb86ed4207eb00eabb90d3f') in 0.020123 seconds 
  Import took 0.022110 seconds .

========================================================================
Received Import Request.
  Time since last request: 0.000127 seconds.
  path: Assets/Sprites/Hurt (7).png
  artifactKey: Guid(646101e864d6ae744b69307e6143158e) Importer(815301076,1909f56bfc062723c751e8b465ee728b)
Start importing Assets/Sprites/Hurt (7).png using Guid(646101e864d6ae744b69307e6143158e) Importer(815301076,1909f56bfc062723c751e8b465ee728b)  -> (artifact id: '6df36a078c12c516031d2e0567f47be2') in 0.026066 seconds 
  Import took 0.028022 seconds .

========================================================================
Received Import Request.
  Time since last request: 0.000134 seconds.
  path: Assets/Sprites/Dead (5).png
  artifactKey: Guid(f5d7ae47f00ef0642b73f91c1989aa79) Importer(815301076,1909f56bfc062723c751e8b465ee728b)
Start importing Assets/Sprites/Dead (5).png using Guid(f5d7ae47f00ef0642b73f91c1989aa79) Importer(815301076,1909f56bfc062723c751e8b465ee728b)  -> (artifact id: 'c32a74d9e357d16d4c1739ab8074bbe6') in 0.016761 seconds 
  Import took 0.018884 seconds .

========================================================================
Received Import Request.
  Time since last request: 0.000142 seconds.
  path: Assets/Sprites/Dead (9).png
  artifactKey: Guid(1c866c73c060b964b949c5a85420d9a1) Importer(815301076,1909f56bfc062723c751e8b465ee728b)
Start importing Assets/Sprites/Dead (9).png using Guid(1c866c73c060b964b949c5a85420d9a1) Importer(815301076,1909f56bfc062723c751e8b465ee728b)  -> (artifact id: 'a65cdaa693c80f5791e0d2669cb6f2a6') in 0.026942 seconds 
  Import took 0.029293 seconds .

========================================================================
Received Import Request.
  Time since last request: 0.000133 seconds.
  path: Assets/Sprites/Idle (5).png
  artifactKey: Guid(0451eec7e524acc43b0d2c24d91fdf9b) Importer(815301076,1909f56bfc062723c751e8b465ee728b)
Start importing Assets/Sprites/Idle (5).png using Guid(0451eec7e524acc43b0d2c24d91fdf9b) Importer(815301076,1909f56bfc062723c751e8b465ee728b)  -> (artifact id: '8216c8b3d144382f2f5f8e7113ec1fcb') in 0.009732 seconds 
  Import took 0.011789 seconds .

========================================================================
Received Import Request.
  Time since last request: 0.000141 seconds.
  path: Assets/Sprites/Dead (2).png
  artifactKey: Guid(614ff05ed30f98c4da45ead3b01bc52f) Importer(815301076,1909f56bfc062723c751e8b465ee728b)
Start importing Assets/Sprites/Dead (2).png using Guid(614ff05ed30f98c4da45ead3b01bc52f) Importer(815301076,1909f56bfc062723c751e8b465ee728b)  -> (artifact id: 'e4fce5164bb5e3000103e5f340e3a4c1') in 0.033933 seconds 
  Import took 0.036173 seconds .

========================================================================
Received Import Request.
  Time since last request: 0.000133 seconds.
  path: Assets/Sprites/Dead (6).png
  artifactKey: Guid(87388c2a1ebc1894d81bcbf2ee5acb81) Importer(815301076,1909f56bfc062723c751e8b465ee728b)
Start importing Assets/Sprites/Dead (6).png using Guid(87388c2a1ebc1894d81bcbf2ee5acb81) Importer(815301076,1909f56bfc062723c751e8b465ee728b)  -> (artifact id: '22863ddf0d6d04daa631caf1b9c650ea') in 0.010770 seconds 
  Import took 0.012713 seconds .

========================================================================
Received Import Request.
  Time since last request: 0.000121 seconds.
  path: Assets/Sprites/Fall (1).png
  artifactKey: Guid(dd8215cbd83e21248b11d4af8f8c0a8c) Importer(815301076,1909f56bfc062723c751e8b465ee728b)
Start importing Assets/Sprites/Fall (1).png using Guid(dd8215cbd83e21248b11d4af8f8c0a8c) Importer(815301076,1909f56bfc062723c751e8b465ee728b)  -> (artifact id: '1b1d4f3f05a1906ca4ea8d5809ca3b57') in 0.019925 seconds 
  Import took 0.021940 seconds .

========================================================================
Received Import Request.
  Time since last request: 0.000121 seconds.
  path: Assets/Sprites/Fall (5).png
  artifactKey: Guid(b51a5f14f68826d4abbbff78a827822a) Importer(815301076,1909f56bfc062723c751e8b465ee728b)
Start importing Assets/Sprites/Fall (5).png using Guid(b51a5f14f68826d4abbbff78a827822a) Importer(815301076,1909f56bfc062723c751e8b465ee728b)  -> (artifact id: 'ebbc89761c70004ae31fcfc264d50dcc') in 0.011732 seconds 
  Import took 0.013763 seconds .

========================================================================
Received Import Request.
  Time since last request: 0.000121 seconds.
  path: Assets/Sprites/Fall (7).png
  artifactKey: Guid(82ba80100d8eff5408b1abc4fec74bf0) Importer(815301076,1909f56bfc062723c751e8b465ee728b)
Start importing Assets/Sprites/Fall (7).png using Guid(82ba80100d8eff5408b1abc4fec74bf0) Importer(815301076,1909f56bfc062723c751e8b465ee728b)  -> (artifact id: 'e00c21499405b525e11b47fc2bc77dbc') in 0.024041 seconds 
  Import took 0.025954 seconds .

========================================================================
Received Import Request.
  Time since last request: 0.000121 seconds.
  path: Assets/Sprites/Dead (3).png
  artifactKey: Guid(1de0c2d7db6ecfa41ae0facb419ab5a4) Importer(815301076,1909f56bfc062723c751e8b465ee728b)
Start importing Assets/Sprites/Dead (3).png using Guid(1de0c2d7db6ecfa41ae0facb419ab5a4) Importer(815301076,1909f56bfc062723c751e8b465ee728b)  -> (artifact id: 'e22ace9898dfe258ced84b2673e61a7f') in 0.018140 seconds 
  Import took 0.019912 seconds .

========================================================================
Received Import Request.
  Time since last request: 0.000147 seconds.
  path: Assets/Sprites/Fall (8).png
  artifactKey: Guid(b91ee40128935f448a48a3521a0f50e8) Importer(815301076,1909f56bfc062723c751e8b465ee728b)
Start importing Assets/Sprites/Fall (8).png using Guid(b91ee40128935f448a48a3521a0f50e8) Importer(815301076,1909f56bfc062723c751e8b465ee728b)  -> (artifact id: '157345d13d9704e064dd414af8096b6b') in 0.021120 seconds 
  Import took 0.023769 seconds .

========================================================================
Received Import Request.
  Time since last request: 0.000133 seconds.
  path: Assets/Sprites/Dead (10).png
  artifactKey: Guid(bfa9f4ae1b02e8b43a6e1a85b16c18d2) Importer(815301076,1909f56bfc062723c751e8b465ee728b)
Start importing Assets/Sprites/Dead (10).png using Guid(bfa9f4ae1b02e8b43a6e1a85b16c18d2) Importer(815301076,1909f56bfc062723c751e8b465ee728b)  -> (artifact id: 'a495d0f210eef2c563df437204c7754b') in 0.015670 seconds 
  Import took 0.017932 seconds .

========================================================================
Received Import Request.
  Time since last request: 0.000129 seconds.
  path: Assets/Sprites/Idle (3).png
  artifactKey: Guid(2f2e084ceda1d4342a348176e24fba47) Importer(815301076,1909f56bfc062723c751e8b465ee728b)
Start importing Assets/Sprites/Idle (3).png using Guid(2f2e084ceda1d4342a348176e24fba47) Importer(815301076,1909f56bfc062723c751e8b465ee728b)  -> (artifact id: '278a8a152b08251dc02b3b8aebeebb73') in 0.010579 seconds 
  Import took 0.012593 seconds .

========================================================================
Received Import Request.
  Time since last request: 0.000110 seconds.
  path: Assets/Sprites/Hurt (8).png
  artifactKey: Guid(a371620276bc6be4e9a56dc95e924407) Importer(815301076,1909f56bfc062723c751e8b465ee728b)
Start importing Assets/Sprites/Hurt (8).png using Guid(a371620276bc6be4e9a56dc95e924407) Importer(815301076,1909f56bfc062723c751e8b465ee728b)  -> (artifact id: '16185701677a96b3f9b3a215cca17856') in 0.024283 seconds 
  Import took 0.026420 seconds .

========================================================================
Received Import Request.
  Time since last request: 0.000138 seconds.
  path: Assets/Sprites/Fall (2).png
  artifactKey: Guid(72a0aa3d8e5e6bc4986fa6f84fb9497b) Importer(815301076,1909f56bfc062723c751e8b465ee728b)
Start importing Assets/Sprites/Fall (2).png using Guid(72a0aa3d8e5e6bc4986fa6f84fb9497b) Importer(815301076,1909f56bfc062723c751e8b465ee728b)  -> (artifact id: 'ace1106a71fc2ebeb4045a9503a79fb6') in 0.014882 seconds 
  Import took 0.016928 seconds .

========================================================================
Received Import Request.
  Time since last request: 0.000132 seconds.
  path: Assets/Sprites/Idle (4).png
  artifactKey: Guid(c45ec446b656ced44adf7fa8fe9c60a2) Importer(815301076,1909f56bfc062723c751e8b465ee728b)
Start importing Assets/Sprites/Idle (4).png using Guid(c45ec446b656ced44adf7fa8fe9c60a2) Importer(815301076,1909f56bfc062723c751e8b465ee728b)  -> (artifact id: 'c21ff4d2bf3830446b84b7d1801866ec') in 0.019901 seconds 
  Import took 0.021973 seconds .

========================================================================
Received Import Request.
  Time since last request: 0.000118 seconds.
  path: Assets/Sprites/Hurt (3).png
  artifactKey: Guid(442f96660af335f4aa2cd0cdc7ab1645) Importer(815301076,1909f56bfc062723c751e8b465ee728b)
Start importing Assets/Sprites/Hurt (3).png using Guid(442f96660af335f4aa2cd0cdc7ab1645) Importer(815301076,1909f56bfc062723c751e8b465ee728b)  -> (artifact id: 'b55fed9c06ab3ab4447720dd49b84133') in 0.022961 seconds 
  Import took 0.025301 seconds .

========================================================================
Received Import Request.
  Time since last request: 0.000161 seconds.
  path: Assets/Sprites/Hurt (4).png
  artifactKey: Guid(86ccea615b079574e842f0d39371b548) Importer(815301076,1909f56bfc062723c751e8b465ee728b)
Start importing Assets/Sprites/Hurt (4).png using Guid(86ccea615b079574e842f0d39371b548) Importer(815301076,1909f56bfc062723c751e8b465ee728b)  -> (artifact id: '7100c01b59f48064f1d004e551040899') in 0.018842 seconds 
  Import took 0.021713 seconds .

========================================================================
Received Import Request.
  Time since last request: 0.000160 seconds.
  path: Assets/Sprites/Hurt (9).png
  artifactKey: Guid(b9e9afdf581f1304cb9bc6668e2df57d) Importer(815301076,1909f56bfc062723c751e8b465ee728b)
Start importing Assets/Sprites/Hurt (9).png using Guid(b9e9afdf581f1304cb9bc6668e2df57d) Importer(815301076,1909f56bfc062723c751e8b465ee728b)  -> (artifact id: '8b0982a3ed895ba9a57543b34f185742') in 0.021808 seconds 
  Import took 0.024481 seconds .

========================================================================
Received Import Request.
  Time since last request: 0.000132 seconds.
  path: Assets/Sprites/Fall (4).png
  artifactKey: Guid(ceee474988439f84a9bd59b0f0b096af) Importer(815301076,1909f56bfc062723c751e8b465ee728b)
Start importing Assets/Sprites/Fall (4).png using Guid(ceee474988439f84a9bd59b0f0b096af) Importer(815301076,1909f56bfc062723c751e8b465ee728b)  -> (artifact id: '3105eacdedc84faa201c6381e9c31caf') in 0.026909 seconds 
  Import took 0.029413 seconds .

========================================================================
Received Import Request.
  Time since last request: 0.000141 seconds.
  path: Assets/Sprites/Fall (3).png
  artifactKey: Guid(5291196ba92138a43b7abe59ce07e0bc) Importer(815301076,1909f56bfc062723c751e8b465ee728b)
Start importing Assets/Sprites/Fall (3).png using Guid(5291196ba92138a43b7abe59ce07e0bc) Importer(815301076,1909f56bfc062723c751e8b465ee728b)  -> (artifact id: 'd9244cf103d9ef21ddd294b494be2cca') in 0.011920 seconds 
  Import took 0.014541 seconds .

========================================================================
Received Import Request.
  Time since last request: 0.000144 seconds.
  path: Assets/Sprites/Hurt (1).png
  artifactKey: Guid(0823e7031cb5b144fafc51e8b48fb21c) Importer(815301076,1909f56bfc062723c751e8b465ee728b)
Start importing Assets/Sprites/Hurt (1).png using Guid(0823e7031cb5b144fafc51e8b48fb21c) Importer(815301076,1909f56bfc062723c751e8b465ee728b)  -> (artifact id: '15c86c9bee515a7f27785d438da52446') in 0.020751 seconds 
  Import took 0.023169 seconds .

========================================================================
Received Import Request.
  Time since last request: 0.000142 seconds.
  path: Assets/Sprites/Fall (6).png
  artifactKey: Guid(02cc06d5ce77dc847a6cc6128d4b3480) Importer(815301076,1909f56bfc062723c751e8b465ee728b)
Start importing Assets/Sprites/Fall (6).png using Guid(02cc06d5ce77dc847a6cc6128d4b3480) Importer(815301076,1909f56bfc062723c751e8b465ee728b)  -> (artifact id: '4c14f075eee4fe4437e6ffaa9ec3afcc') in 0.027348 seconds 
  Import took 0.029500 seconds .

========================================================================
Received Import Request.
  Time since last request: 0.000145 seconds.
  path: Assets/Sprites/Hurt (6).png
  artifactKey: Guid(450e5580f14bb724f8825f8631abb9ab) Importer(815301076,1909f56bfc062723c751e8b465ee728b)
Start importing Assets/Sprites/Hurt (6).png using Guid(450e5580f14bb724f8825f8631abb9ab) Importer(815301076,1909f56bfc062723c751e8b465ee728b)  -> (artifact id: 'a39b7c1ab76f9aa2a2ce51567d3c2d35') in 0.014800 seconds 
  Import took 0.016818 seconds .

========================================================================
Received Import Request.
  Time since last request: 0.000119 seconds.
  path: Assets/Sprites/Dead (4).png
  artifactKey: Guid(4ff86e5f7f8c41d4192a4a0b9e7438e2) Importer(815301076,1909f56bfc062723c751e8b465ee728b)
Start importing Assets/Sprites/Dead (4).png using Guid(4ff86e5f7f8c41d4192a4a0b9e7438e2) Importer(815301076,1909f56bfc062723c751e8b465ee728b)  -> (artifact id: '7fe14ae44a398e765f779e1efe617c74') in 0.019689 seconds 
  Import took 0.022020 seconds .

========================================================================
Received Import Request.
  Time since last request: 0.000143 seconds.
  path: Assets/Sprites/Dead (7).png
  artifactKey: Guid(f92044aaa68ab4a40b4b25c6e89ee9ba) Importer(815301076,1909f56bfc062723c751e8b465ee728b)
Start importing Assets/Sprites/Dead (7).png using Guid(f92044aaa68ab4a40b4b25c6e89ee9ba) Importer(815301076,1909f56bfc062723c751e8b465ee728b)  -> (artifact id: '4d74b19d999d222af30730fb5981afb7') in 0.016391 seconds 
  Import took 0.019073 seconds .

========================================================================
Received Import Request.
  Time since last request: 0.000142 seconds.
  path: Assets/Sprites/Dead (8).png
  artifactKey: Guid(ebc4e8258e8417a45a0c977e9e23429e) Importer(815301076,1909f56bfc062723c751e8b465ee728b)
Start importing Assets/Sprites/Dead (8).png using Guid(ebc4e8258e8417a45a0c977e9e23429e) Importer(815301076,1909f56bfc062723c751e8b465ee728b)  -> (artifact id: 'df309e61fc4c0bc6c3a6c78bb2c61512') in 0.024101 seconds 
  Import took 0.026435 seconds .

========================================================================
Received Import Request.
  Time since last request: 0.000134 seconds.
  path: Assets/Sprites/Hurt (2).png
  artifactKey: Guid(95bd0b90bb38ebb4b8013911237786fa) Importer(815301076,1909f56bfc062723c751e8b465ee728b)
Start importing Assets/Sprites/Hurt (2).png using Guid(95bd0b90bb38ebb4b8013911237786fa) Importer(815301076,1909f56bfc062723c751e8b465ee728b)  -> (artifact id: '2dc5274ee799323d0f043fed38679b71') in 0.010022 seconds 
  Import took 0.012018 seconds .

========================================================================
Received Import Request.
  Time since last request: 0.000123 seconds.
  path: Assets/Sprites/Idle (2).png
  artifactKey: Guid(c1cc1a7266ce33b48a3407bf5502f87f) Importer(815301076,1909f56bfc062723c751e8b465ee728b)
Start importing Assets/Sprites/Idle (2).png using Guid(c1cc1a7266ce33b48a3407bf5502f87f) Importer(815301076,1909f56bfc062723c751e8b465ee728b)  -> (artifact id: '169b753abcaed621b159215a62b05045') in 0.020921 seconds 
  Import took 0.022904 seconds .

========================================================================
Received Import Request.
  Time since last request: 0.000115 seconds.
  path: Assets/Sprites/Idle (1).png
  artifactKey: Guid(0d6576f13de8b074ba4c0a64bcfec166) Importer(815301076,1909f56bfc062723c751e8b465ee728b)
Start importing Assets/Sprites/Idle (1).png using Guid(0d6576f13de8b074ba4c0a64bcfec166) Importer(815301076,1909f56bfc062723c751e8b465ee728b)  -> (artifact id: '8da7fd7a8870d1cbf1efd07118b5bdc5') in 0.009829 seconds 
  Import took 0.011606 seconds .

========================================================================
Received Import Request.
  Time since last request: 0.229522 seconds.
  path: Assets/Sprites/Idle (6).png
  artifactKey: Guid(1043226f9e70f2a4f967b348a69177cd) Importer(815301076,1909f56bfc062723c751e8b465ee728b)
Start importing Assets/Sprites/Idle (6).png using Guid(1043226f9e70f2a4f967b348a69177cd) Importer(815301076,1909f56bfc062723c751e8b465ee728b)  -> (artifact id: 'f17799dc2848ddbf8d3166cdf64f578d') in 0.012149 seconds 
  Import took 0.014919 seconds .

========================================================================
Received Import Request.
  Time since last request: 0.000140 seconds.
  path: Assets/Sprites/Jump (1).png
  artifactKey: Guid(590bec5178d2d4b4da34181630376861) Importer(815301076,1909f56bfc062723c751e8b465ee728b)
Start importing Assets/Sprites/Jump (1).png using Guid(590bec5178d2d4b4da34181630376861) Importer(815301076,1909f56bfc062723c751e8b465ee728b)  -> (artifact id: 'eb2c2a805122d937f313582e2a61ff3f') in 0.020676 seconds 
  Import took 0.022943 seconds .

========================================================================
Received Import Request.
  Time since last request: 0.000123 seconds.
  path: Assets/Sprites/Idle (9).png
  artifactKey: Guid(8e2bff57c159c9546ba8b6ba541caf4e) Importer(815301076,1909f56bfc062723c751e8b465ee728b)
Start importing Assets/Sprites/Idle (9).png using Guid(8e2bff57c159c9546ba8b6ba541caf4e) Importer(815301076,1909f56bfc062723c751e8b465ee728b)  -> (artifact id: 'd5759aeb2d6e214f1188f30fd1512b8e') in 0.022101 seconds 
  Import took 0.024223 seconds .

========================================================================
Received Import Request.
  Time since last request: 0.000131 seconds.
  path: Assets/Sprites/Jump (3).png
  artifactKey: Guid(f2d425657439acf4d803c191180dfc37) Importer(815301076,1909f56bfc062723c751e8b465ee728b)
Start importing Assets/Sprites/Jump (3).png using Guid(f2d425657439acf4d803c191180dfc37) Importer(815301076,1909f56bfc062723c751e8b465ee728b)  -> (artifact id: '6b52d588d61f83cc7a38f1fa5637e3ff') in 0.019916 seconds 
  Import took 0.021859 seconds .

========================================================================
Received Import Request.
  Time since last request: 0.000124 seconds.
  path: Assets/Sprites/Idle (7).png
  artifactKey: Guid(c2f80e5ab552c384eb7198b876dbb5b1) Importer(815301076,1909f56bfc062723c751e8b465ee728b)
Start importing Assets/Sprites/Idle (7).png using Guid(c2f80e5ab552c384eb7198b876dbb5b1) Importer(815301076,1909f56bfc062723c751e8b465ee728b)  -> (artifact id: '57d25f8fc0310e93fa98aa7fafe78681') in 0.024199 seconds 
  Import took 0.026191 seconds .

========================================================================
Received Import Request.
  Time since last request: 0.000136 seconds.
  path: Assets/Sprites/Idle (10).png
  artifactKey: Guid(bc9d124c6649c384aae932ebadbbc3bf) Importer(815301076,1909f56bfc062723c751e8b465ee728b)
Start importing Assets/Sprites/Idle (10).png using Guid(bc9d124c6649c384aae932ebadbbc3bf) Importer(815301076,1909f56bfc062723c751e8b465ee728b)  -> (artifact id: '13e6f36a9875ff321221c992ede28592') in 0.015082 seconds 
  Import took 0.017154 seconds .

========================================================================
Received Import Request.
  Time since last request: 0.000136 seconds.
  path: Assets/Sprites/Jump (2).png
  artifactKey: Guid(32dd062541d5a414db7b34666f4865a9) Importer(815301076,1909f56bfc062723c751e8b465ee728b)
Start importing Assets/Sprites/Jump (2).png using Guid(32dd062541d5a414db7b34666f4865a9) Importer(815301076,1909f56bfc062723c751e8b465ee728b)  -> (artifact id: 'b4324e0902d27ad30611f63432851bfc') in 0.022846 seconds 
  Import took 0.024906 seconds .

========================================================================
Received Import Request.
  Time since last request: 0.000182 seconds.
  path: Assets/Sprites/Idle (8).png
  artifactKey: Guid(d3f6329e6460c4b4abcd24920e9fed2e) Importer(815301076,1909f56bfc062723c751e8b465ee728b)
Start importing Assets/Sprites/Idle (8).png using Guid(d3f6329e6460c4b4abcd24920e9fed2e) Importer(815301076,1909f56bfc062723c751e8b465ee728b)  -> (artifact id: 'e31b2ac77079b8c4985ef80dd0f20c25') in 0.010148 seconds 
  Import took 0.012131 seconds .

========================================================================
Received Import Request.
  Time since last request: 0.208703 seconds.
  path: Assets/Sprites/Jump (4).png
  artifactKey: Guid(93644913e1dcc5044918e9c2a5d2ae09) Importer(815301076,1909f56bfc062723c751e8b465ee728b)
Start importing Assets/Sprites/Jump (4).png using Guid(93644913e1dcc5044918e9c2a5d2ae09) Importer(815301076,1909f56bfc062723c751e8b465ee728b)  -> (artifact id: '30d920c51d60f37936623664be87dbee') in 0.012670 seconds 
  Import took 0.015370 seconds .

========================================================================
Received Import Request.
  Time since last request: 0.000141 seconds.
  path: Assets/Sprites/Jump (7).png
  artifactKey: Guid(c35e6759ac262f74591ebb6289a63672) Importer(815301076,1909f56bfc062723c751e8b465ee728b)
Start importing Assets/Sprites/Jump (7).png using Guid(c35e6759ac262f74591ebb6289a63672) Importer(815301076,1909f56bfc062723c751e8b465ee728b)  -> (artifact id: 'fb3c33497ca05fcdab316730c45e0027') in 0.022790 seconds 
  Import took 0.025606 seconds .

========================================================================
Received Import Request.
  Time since last request: 0.000140 seconds.
  path: Assets/Sprites/Run (1).png
  artifactKey: Guid(94a9cf6fd108d6148b6a5bc10f387627) Importer(815301076,1909f56bfc062723c751e8b465ee728b)
Start importing Assets/Sprites/Run (1).png using Guid(94a9cf6fd108d6148b6a5bc10f387627) Importer(815301076,1909f56bfc062723c751e8b465ee728b)  -> (artifact id: 'e6fd48b11c5e7bdf96ae39b9ea29cdd2') in 0.014711 seconds 
  Import took 0.016885 seconds .

========================================================================
Received Import Request.
  Time since last request: 0.000126 seconds.
  path: Assets/Sprites/Run (3).png
  artifactKey: Guid(b6b5ca19fe3b62c42988cae94da84e6c) Importer(815301076,1909f56bfc062723c751e8b465ee728b)
Start importing Assets/Sprites/Run (3).png using Guid(b6b5ca19fe3b62c42988cae94da84e6c) Importer(815301076,1909f56bfc062723c751e8b465ee728b)  -> (artifact id: '9e4feae06d4785c0d1d86593b5d10131') in 0.016672 seconds 
  Import took 0.018683 seconds .

========================================================================
Received Import Request.
  Time since last request: 0.000122 seconds.
  path: Assets/Sprites/Run (2).png
  artifactKey: Guid(f5cd7fa510a843b4393a6a85cf0b57c2) Importer(815301076,1909f56bfc062723c751e8b465ee728b)
Start importing Assets/Sprites/Run (2).png using Guid(f5cd7fa510a843b4393a6a85cf0b57c2) Importer(815301076,1909f56bfc062723c751e8b465ee728b)  -> (artifact id: '2346269a1df586536ad93769c62e03d2') in 0.011848 seconds 
  Import took 0.013771 seconds .

========================================================================
Received Import Request.
  Time since last request: 0.000118 seconds.
  path: Assets/Sprites/Jump (8).png
  artifactKey: Guid(4771f7c88f6304240bd0fb3b0faa3897) Importer(815301076,1909f56bfc062723c751e8b465ee728b)
Start importing Assets/Sprites/Jump (8).png using Guid(4771f7c88f6304240bd0fb3b0faa3897) Importer(815301076,1909f56bfc062723c751e8b465ee728b)  -> (artifact id: 'c0e7026d3f86bbbf85dcf59c5bb5a16f') in 0.026563 seconds 
  Import took 0.028711 seconds .

========================================================================
Received Import Request.
  Time since last request: 0.000161 seconds.
  path: Assets/Sprites/Jump (6).png
  artifactKey: Guid(2a288e5a443b30b4b959ceafca590f0f) Importer(815301076,1909f56bfc062723c751e8b465ee728b)
Start importing Assets/Sprites/Jump (6).png using Guid(2a288e5a443b30b4b959ceafca590f0f) Importer(815301076,1909f56bfc062723c751e8b465ee728b)  -> (artifact id: '1d15b105e26f6d1db2abe4390f33ea6b') in 0.010636 seconds 
  Import took 0.012978 seconds .

========================================================================
Received Import Request.
  Time since last request: 0.000138 seconds.
  path: Assets/Sprites/Jump (5).png
  artifactKey: Guid(98c61dff509b3584bb4ba2860ffb8bd6) Importer(815301076,1909f56bfc062723c751e8b465ee728b)
Start importing Assets/Sprites/Jump (5).png using Guid(98c61dff509b3584bb4ba2860ffb8bd6) Importer(815301076,1909f56bfc062723c751e8b465ee728b)  -> (artifact id: '26993122189ac5c9b70d718e17371018') in 0.031920 seconds 
  Import took 0.034443 seconds .

========================================================================
Received Import Request.
  Time since last request: 0.160483 seconds.
  path: Assets/Sprites/Run (4).png
  artifactKey: Guid(8c93a9185b19fde479625a3f9b97e71b) Importer(815301076,1909f56bfc062723c751e8b465ee728b)
Start importing Assets/Sprites/Run (4).png using Guid(8c93a9185b19fde479625a3f9b97e71b) Importer(815301076,1909f56bfc062723c751e8b465ee728b)  -> (artifact id: '42cc2558cd9fc994fa859b8257840c51') in 0.012662 seconds 
  Import took 0.015608 seconds .

========================================================================
Received Import Request.
  Time since last request: 0.000134 seconds.
  path: Assets/Sprites/Run (6).png
  artifactKey: Guid(e7b1c444d477b394a9e03eb454859407) Importer(815301076,1909f56bfc062723c751e8b465ee728b)
Start importing Assets/Sprites/Run (6).png using Guid(e7b1c444d477b394a9e03eb454859407) Importer(815301076,1909f56bfc062723c751e8b465ee728b)  -> (artifact id: 'f5571db65fbe718d62c8bc01ee49399c') in 0.016044 seconds 
  Import took 0.018479 seconds .

========================================================================
Received Import Request.
  Time since last request: 0.000141 seconds.
  path: Assets/Sprites/Run (8).png
  artifactKey: Guid(96c498f73da398a4bb266f8d626d6549) Importer(815301076,1909f56bfc062723c751e8b465ee728b)
Start importing Assets/Sprites/Run (8).png using Guid(96c498f73da398a4bb266f8d626d6549) Importer(815301076,1909f56bfc062723c751e8b465ee728b)  -> (artifact id: '74590156dd5f1547cf1a4042a379803b') in 0.025540 seconds 
  Import took 0.027842 seconds .

========================================================================
Received Import Request.
  Time since last request: 0.000172 seconds.
  path: Assets/Sprites/Slide (3).png
  artifactKey: Guid(d409c98ab434a9b49a3c40da41cbf3e2) Importer(815301076,1909f56bfc062723c751e8b465ee728b)
Start importing Assets/Sprites/Slide (3).png using Guid(d409c98ab434a9b49a3c40da41cbf3e2) Importer(815301076,1909f56bfc062723c751e8b465ee728b)  -> (artifact id: '3030f97bd3d8b631a8ad5e8f338715cb') in 0.014767 seconds 
  Import took 0.017069 seconds .

========================================================================
Received Import Request.
  Time since last request: 0.000145 seconds.
  path: Assets/Sprites/Run (5).png
  artifactKey: Guid(88c330d0ac4935943adb5aefc342bfba) Importer(815301076,1909f56bfc062723c751e8b465ee728b)
Start importing Assets/Sprites/Run (5).png using Guid(88c330d0ac4935943adb5aefc342bfba) Importer(815301076,1909f56bfc062723c751e8b465ee728b)  -> (artifact id: '3039bbba01d268c3ff626ec0a90395f1') in 0.012425 seconds 
  Import took 0.014533 seconds .

========================================================================
Received Import Request.
  Time since last request: 0.000129 seconds.
  path: Assets/Sprites/Slide (8).png
  artifactKey: Guid(b3693d3a2428ea440aed6052e0b4adbe) Importer(815301076,1909f56bfc062723c751e8b465ee728b)
Start importing Assets/Sprites/Slide (8).png using Guid(b3693d3a2428ea440aed6052e0b4adbe) Importer(815301076,1909f56bfc062723c751e8b465ee728b)  -> (artifact id: 'e50e37e21ed3b7df40bbedf55fe2e55f') in 0.026807 seconds 
  Import took 0.028668 seconds .

========================================================================
Received Import Request.
  Time since last request: 0.000135 seconds.
  path: Assets/Sprites/Slide (10).png
  artifactKey: Guid(a4e506d1a0c689442af4addd065b81bf) Importer(815301076,1909f56bfc062723c751e8b465ee728b)
Start importing Assets/Sprites/Slide (10).png using Guid(a4e506d1a0c689442af4addd065b81bf) Importer(815301076,1909f56bfc062723c751e8b465ee728b)  -> (artifact id: '18fd9e988b5f63ae68e8cdd88ce0ff0c') in 0.020426 seconds 
  Import took 0.022333 seconds .

========================================================================
Received Import Request.
  Time since last request: 0.000126 seconds.
  path: Assets/Sprites/Slide (9).png
  artifactKey: Guid(03268e1cef8a7ce4fbbde60fe7ff8cb7) Importer(815301076,1909f56bfc062723c751e8b465ee728b)
Start importing Assets/Sprites/Slide (9).png using Guid(03268e1cef8a7ce4fbbde60fe7ff8cb7) Importer(815301076,1909f56bfc062723c751e8b465ee728b)  -> (artifact id: 'f0d92174f937c3ba5f84fb1df8977f3e') in 0.023713 seconds 
  Import took 0.025734 seconds .

========================================================================
Received Import Request.
  Time since last request: 0.000138 seconds.
  path: Assets/Sprites/Walk (1).png
  artifactKey: Guid(e92eb4e4baef9214e81d12bd89621856) Importer(815301076,1909f56bfc062723c751e8b465ee728b)
Start importing Assets/Sprites/Walk (1).png using Guid(e92eb4e4baef9214e81d12bd89621856) Importer(815301076,1909f56bfc062723c751e8b465ee728b)  -> (artifact id: 'f48e4acb6cf2f3c93f09141998b8a131') in 0.010086 seconds 
  Import took 0.012011 seconds .

========================================================================
Received Import Request.
  Time since last request: 0.000120 seconds.
  path: Assets/Sprites/Slide (5).png
  artifactKey: Guid(114db489ace9e5349820ea6b4a72e94d) Importer(815301076,1909f56bfc062723c751e8b465ee728b)
Start importing Assets/Sprites/Slide (5).png using Guid(114db489ace9e5349820ea6b4a72e94d) Importer(815301076,1909f56bfc062723c751e8b465ee728b)  -> (artifact id: 'a2ef89e77429356a52e65a747197596d') in 0.022910 seconds 
  Import took 0.024845 seconds .

========================================================================
Received Import Request.
  Time since last request: 0.000142 seconds.
  path: Assets/Sprites/Slide (4).png
  artifactKey: Guid(6695eb681e343504d9381496e2c34b3e) Importer(815301076,1909f56bfc062723c751e8b465ee728b)
Start importing Assets/Sprites/Slide (4).png using Guid(6695eb681e343504d9381496e2c34b3e) Importer(815301076,1909f56bfc062723c751e8b465ee728b)  -> (artifact id: 'f32ffa2ecbaa662fb294ef7aeb9d7657') in 0.015375 seconds 
  Import took 0.017312 seconds .

========================================================================
Received Import Request.
  Time since last request: 0.000128 seconds.
  path: Assets/Sprites/Slide (2).png
  artifactKey: Guid(7ba0b8bab0349e04588b2aad011b3fce) Importer(815301076,1909f56bfc062723c751e8b465ee728b)
Start importing Assets/Sprites/Slide (2).png using Guid(7ba0b8bab0349e04588b2aad011b3fce) Importer(815301076,1909f56bfc062723c751e8b465ee728b)  -> (artifact id: 'ed689c337a9269c1b1f9ffd8e7bee0a5') in 0.026337 seconds 
  Import took 0.028380 seconds .

========================================================================
Received Import Request.
  Time since last request: 0.000137 seconds.
  path: Assets/Sprites/Slide (7).png
  artifactKey: Guid(bac69a482235383499bff620a0374f1a) Importer(815301076,1909f56bfc062723c751e8b465ee728b)
Start importing Assets/Sprites/Slide (7).png using Guid(bac69a482235383499bff620a0374f1a) Importer(815301076,1909f56bfc062723c751e8b465ee728b)  -> (artifact id: '839fe5f3aad1d9830db544d7b9493a38') in 0.013240 seconds 
  Import took 0.015223 seconds .

========================================================================
Received Import Request.
  Time since last request: 0.000120 seconds.
  path: Assets/Sprites/Run (7).png
  artifactKey: Guid(6acf7fac81bf7654696f3534ac6adccb) Importer(815301076,1909f56bfc062723c751e8b465ee728b)
Start importing Assets/Sprites/Run (7).png using Guid(6acf7fac81bf7654696f3534ac6adccb) Importer(815301076,1909f56bfc062723c751e8b465ee728b)  -> (artifact id: 'ee1ec7f95eff047ac7c7b25a8d4117e5') in 0.023756 seconds 
  Import took 0.025670 seconds .

========================================================================
Received Import Request.
  Time since last request: 0.000135 seconds.
  path: Assets/Sprites/Slide (7).png
  artifactKey: Guid(bac69a482235383499bff620a0374f1a) Importer(815301076,1909f56bfc062723c751e8b465ee728b)
Start importing Assets/Sprites/Slide (7).png using Guid(bac69a482235383499bff620a0374f1a) Importer(815301076,1909f56bfc062723c751e8b465ee728b)  -> (artifact id: '839fe5f3aad1d9830db544d7b9493a38') in 0.008085 seconds 
  Import took 0.009925 seconds .

========================================================================
Received Import Request.
  Time since last request: 0.000158 seconds.
  path: Assets/Sprites/Slide (6).png
  artifactKey: Guid(ed50a6c977c1ab14580b5ba1abe30233) Importer(815301076,1909f56bfc062723c751e8b465ee728b)
Start importing Assets/Sprites/Slide (6).png using Guid(ed50a6c977c1ab14580b5ba1abe30233) Importer(815301076,1909f56bfc062723c751e8b465ee728b)  -> (artifact id: 'd4bb2138e85139d2d3aabb9c7297a70b') in 0.029743 seconds 
  Import took 0.031938 seconds .

========================================================================
Received Import Request.
  Time since last request: 0.000131 seconds.
  path: Assets/Sprites/Slide (1).png
  artifactKey: Guid(af03e98f9f6d69f488fbbc281502bca3) Importer(815301076,1909f56bfc062723c751e8b465ee728b)
Start importing Assets/Sprites/Slide (1).png using Guid(af03e98f9f6d69f488fbbc281502bca3) Importer(815301076,1909f56bfc062723c751e8b465ee728b)  -> (artifact id: '808dac285fa95ac0aab18005e115576d') in 0.023860 seconds 
  Import took 0.025968 seconds .

========================================================================
Received Import Request.
  Time since last request: 0.065876 seconds.
  path: Assets/Sprites/Walk (2).png
  artifactKey: Guid(dc080785140ca30419f19ff5b3714e26) Importer(815301076,1909f56bfc062723c751e8b465ee728b)
Start importing Assets/Sprites/Walk (2).png using Guid(dc080785140ca30419f19ff5b3714e26) Importer(815301076,1909f56bfc062723c751e8b465ee728b)  -> (artifact id: 'b49aeb327606a44e755e9c3a3b0f78f0') in 0.012753 seconds 
  Import took 0.015224 seconds .

========================================================================
Received Import Request.
  Time since last request: 0.000129 seconds.
  path: Assets/Sprites/Walk (4).png
  artifactKey: Guid(5420ab0508c48514fa318faf8f1be252) Importer(815301076,1909f56bfc062723c751e8b465ee728b)
Start importing Assets/Sprites/Walk (4).png using Guid(5420ab0508c48514fa318faf8f1be252) Importer(815301076,1909f56bfc062723c751e8b465ee728b)  -> (artifact id: '3204306345eba3c6632fd463f28cdc26') in 0.016317 seconds 
  Import took 0.018681 seconds .

========================================================================
Received Import Request.
  Time since last request: 0.000148 seconds.
  path: Assets/Sprites/Walk (7).png
  artifactKey: Guid(1b8a579662cd630459578d70496d9812) Importer(815301076,1909f56bfc062723c751e8b465ee728b)
Start importing Assets/Sprites/Walk (7).png using Guid(1b8a579662cd630459578d70496d9812) Importer(815301076,1909f56bfc062723c751e8b465ee728b)  -> (artifact id: 'b956d2f128a684ee806becff5f2430ac') in 0.025092 seconds 
  Import took 0.027558 seconds .

========================================================================
Received Import Request.
  Time since last request: 0.000142 seconds.
  path: Assets/Sprites/Walk (10).png
  artifactKey: Guid(201ad15d3b14b9a4394e8fb3ad7d2aac) Importer(815301076,1909f56bfc062723c751e8b465ee728b)
Start importing Assets/Sprites/Walk (10).png using Guid(201ad15d3b14b9a4394e8fb3ad7d2aac) Importer(815301076,1909f56bfc062723c751e8b465ee728b)  -> (artifact id: '241a5af96df105f27f3f7c4f9e25004c') in 0.012003 seconds 
  Import took 0.014506 seconds .

========================================================================
Received Import Request.
  Time since last request: 0.000196 seconds.
  path: Assets/Sprites/Walk (5).png
  artifactKey: Guid(f122a78acccd32f40a8efb8a9d77d4ca) Importer(815301076,1909f56bfc062723c751e8b465ee728b)
Start importing Assets/Sprites/Walk (5).png using Guid(f122a78acccd32f40a8efb8a9d77d4ca) Importer(815301076,1909f56bfc062723c751e8b465ee728b)  -> (artifact id: 'b37b22fc83e5baea5080e997d9113f09') in 0.028716 seconds 
  Import took 0.031166 seconds .

========================================================================
Received Import Request.
  Time since last request: 0.000154 seconds.
  path: Assets/Sprites/Walk (3).png
  artifactKey: Guid(d6419436ce11ebb468d73a738523f84d) Importer(815301076,1909f56bfc062723c751e8b465ee728b)
Start importing Assets/Sprites/Walk (3).png using Guid(d6419436ce11ebb468d73a738523f84d) Importer(815301076,1909f56bfc062723c751e8b465ee728b)  -> (artifact id: '90d6c4eddb0c31f2e1715ddebfa0f76b') in 0.013391 seconds 
  Import took 0.015646 seconds .

========================================================================
Received Import Request.
  Time since last request: 0.000120 seconds.
  path: Assets/Sprites/Walk (8).png
  artifactKey: Guid(353406ce3767fa648be509dbcb9b92ad) Importer(815301076,1909f56bfc062723c751e8b465ee728b)
Start importing Assets/Sprites/Walk (8).png using Guid(353406ce3767fa648be509dbcb9b92ad) Importer(815301076,1909f56bfc062723c751e8b465ee728b)  -> (artifact id: 'dfc49a92d1a8fe63ef16c350a350710d') in 0.014684 seconds 
  Import took 0.016554 seconds .

========================================================================
Received Import Request.
  Time since last request: 0.000135 seconds.
  path: Assets/Sprites/Walk (6).png
  artifactKey: Guid(0a36d385256100f4e8ae9621621f9c28) Importer(815301076,1909f56bfc062723c751e8b465ee728b)
Start importing Assets/Sprites/Walk (6).png using Guid(0a36d385256100f4e8ae9621621f9c28) Importer(815301076,1909f56bfc062723c751e8b465ee728b)  -> (artifact id: '84adb23bf663d0c9a3746237780f0ea9') in 0.016746 seconds 
  Import took 0.018866 seconds .

========================================================================
Received Import Request.
  Time since last request: 0.000125 seconds.
  path: Assets/Sprites/Walk (9).png
  artifactKey: Guid(f265fe08f9ed97a48b9560236360c005) Importer(815301076,1909f56bfc062723c751e8b465ee728b)
Start importing Assets/Sprites/Walk (9).png using Guid(f265fe08f9ed97a48b9560236360c005) Importer(815301076,1909f56bfc062723c751e8b465ee728b)  -> (artifact id: 'f532d098d359962748a3763767ca5e43') in 0.024926 seconds 
  Import took 0.027087 seconds .

========================================================================
Received Prepare
Registering precompiled user dll's ...
Registered in 0.002995 seconds.
Begin MonoManager ReloadAssembly
Native extension for WindowsStandalone target not found
Refreshing native plugins compatible for Editor in 0.46 ms, found 3 plugins.
Preloading 0 native plugins for Editor in 0.00 ms.
Mono: successfully reloaded assembly
- Completed reload, in  0.667 seconds
Domain Reload Profiling:
	ReloadAssembly (667ms)
		BeginReloadAssembly (84ms)
			ExecutionOrderSort (0ms)
			DisableScriptedObjects (4ms)
			BackupInstance (0ms)
			ReleaseScriptingObjects (0ms)
			CreateAndSetChildDomain (30ms)
		EndReloadAssembly (542ms)
			LoadAssemblies (59ms)
			RebuildTransferFunctionScriptingTraits (0ms)
			SetupTypeCache (164ms)
			ReleaseScriptCaches (1ms)
			RebuildScriptCaches (26ms)
			SetupLoadedEditorAssemblies (231ms)
				LogAssemblyErrors (0ms)
				InitializePlatformSupportModulesInManaged (3ms)
				SetLoadedEditorAssemblies (0ms)
				RefreshPlugins (0ms)
				BeforeProcessingInitializeOnLoad (39ms)
				ProcessInitializeOnLoadAttributes (179ms)
				ProcessInitializeOnLoadMethodAttributes (4ms)
				AfterProcessingInitializeOnLoad (5ms)
				EditorAssembliesLoaded (0ms)
			ExecutionOrderSort2 (0ms)
			AwakeInstancesAfterBackupRestoration (7ms)
Platform modules already initialized, skipping
Refreshing native plugins compatible for Editor in 0.48 ms, found 3 plugins.
Preloading 0 native plugins for Editor in 0.00 ms.
Unloading 2082 Unused Serialized files (Serialized files now loaded: 0)
System memory in use before: 95.6 MB.
System memory in use after: 95.7 MB.

Unloading 16 unused Assets to reduce memory usage. Loaded Objects now: 2546.
Total: 2.406000 ms (FindLiveObjects: 0.148300 ms CreateObjectMapping: 0.048800 ms MarkObjects: 2.194200 ms  DeleteObjects: 0.014000 ms)

AssetImportParameters requested are different than current active one (requested -> active):
  custom:framework-win-MediaFoundation: 216162199b28c13a410421893ffa2e32 -> 
  custom:video-decoder-ogg-theora: a1e56fd34408186e4bbccfd4996cb3dc -> 
  custom:container-muxer-webm: aa71ff27fc2769a1b78a27578f13a17b -> 
  custom:container-demuxer-webm: 4f35f7cbe854078d1ac9338744f61a02 -> 
  custom:container-demuxer-ogg: 62fdf1f143b41e24485cea50d1cbac27 -> 
  custom:video-encoder-webm-vp8: eb34c28f22e8b96e1ab97ce403110664 -> 
  custom:video-decoder-webm-vp8: 9c59270c3fd7afecdb556c50c9e8de78 -> 
  custom:audio-decoder-ogg-vorbis: bf7c407c2cedff20999df2af8eb42d56 -> 
  custom:audio-encoder-webm-vorbis: bf7c407c2cedff20999df2af8eb42d56 -> 
========================================================================
Received Prepare
Registering precompiled user dll's ...
Registered in 0.002967 seconds.
Begin MonoManager ReloadAssembly
Native extension for WindowsStandalone target not found
Refreshing native plugins compatible for Editor in 0.45 ms, found 3 plugins.
Preloading 0 native plugins for Editor in 0.00 ms.
Mono: successfully reloaded assembly
- Completed reload, in  0.674 seconds
Domain Reload Profiling:
	ReloadAssembly (675ms)
		BeginReloadAssembly (82ms)
			ExecutionOrderSort (0ms)
			DisableScriptedObjects (5ms)
			BackupInstance (0ms)
			ReleaseScriptingObjects (0ms)
			CreateAndSetChildDomain (28ms)
		EndReloadAssembly (551ms)
			LoadAssemblies (60ms)
			RebuildTransferFunctionScriptingTraits (0ms)
			SetupTypeCache (163ms)
			ReleaseScriptCaches (1ms)
			RebuildScriptCaches (26ms)
			SetupLoadedEditorAssemblies (239ms)
				LogAssemblyErrors (0ms)
				InitializePlatformSupportModulesInManaged (3ms)
				SetLoadedEditorAssemblies (0ms)
				RefreshPlugins (0ms)
				BeforeProcessingInitializeOnLoad (40ms)
				ProcessInitializeOnLoadAttributes (186ms)
				ProcessInitializeOnLoadMethodAttributes (4ms)
				AfterProcessingInitializeOnLoad (5ms)
				EditorAssembliesLoaded (0ms)
			ExecutionOrderSort2 (0ms)
			AwakeInstancesAfterBackupRestoration (7ms)
Platform modules already initialized, skipping
Refreshing native plugins compatible for Editor in 0.47 ms, found 3 plugins.
Preloading 0 native plugins for Editor in 0.00 ms.
Unloading 2082 Unused Serialized files (Serialized files now loaded: 0)
System memory in use before: 95.6 MB.
System memory in use after: 95.8 MB.

Unloading 16 unused Assets to reduce memory usage. Loaded Objects now: 2549.
Total: 2.471600 ms (FindLiveObjects: 0.152900 ms CreateObjectMapping: 0.047700 ms MarkObjects: 2.256400 ms  DeleteObjects: 0.013800 ms)

AssetImportParameters requested are different than current active one (requested -> active):
  custom:framework-win-MediaFoundation: 216162199b28c13a410421893ffa2e32 -> 
  custom:video-decoder-ogg-theora: a1e56fd34408186e4bbccfd4996cb3dc -> 
  custom:container-muxer-webm: aa71ff27fc2769a1b78a27578f13a17b -> 
  custom:container-demuxer-webm: 4f35f7cbe854078d1ac9338744f61a02 -> 
  custom:container-demuxer-ogg: 62fdf1f143b41e24485cea50d1cbac27 -> 
  custom:video-encoder-webm-vp8: eb34c28f22e8b96e1ab97ce403110664 -> 
  custom:video-decoder-webm-vp8: 9c59270c3fd7afecdb556c50c9e8de78 -> 
  custom:audio-decoder-ogg-vorbis: bf7c407c2cedff20999df2af8eb42d56 -> 
  custom:audio-encoder-webm-vorbis: bf7c407c2cedff20999df2af8eb42d56 -> 
========================================================================
Received Import Request.
  Time since last request: 731.949388 seconds.
  path: Assets/Animations/Idle (1).controller
  artifactKey: Guid(d2ca9c66f8f98fe43b779e66547ac418) Importer(815301076,1909f56bfc062723c751e8b465ee728b)
Start importing Assets/Animations/Idle (1).controller using Guid(d2ca9c66f8f98fe43b779e66547ac418) Importer(815301076,1909f56bfc062723c751e8b465ee728b)  -> (artifact id: 'b0653f73fcae557e338951b4b42065e5') in 0.013721 seconds 
  Import took 0.016446 seconds .

========================================================================
Received Prepare
Registering precompiled user dll's ...
Registered in 0.002917 seconds.
Begin MonoManager ReloadAssembly
Native extension for WindowsStandalone target not found
Refreshing native plugins compatible for Editor in 0.46 ms, found 3 plugins.
Preloading 0 native plugins for Editor in 0.00 ms.
Mono: successfully reloaded assembly
- Completed reload, in  0.698 seconds
Domain Reload Profiling:
	ReloadAssembly (698ms)
		BeginReloadAssembly (84ms)
			ExecutionOrderSort (0ms)
			DisableScriptedObjects (5ms)
			BackupInstance (0ms)
			ReleaseScriptingObjects (0ms)
			CreateAndSetChildDomain (29ms)
		EndReloadAssembly (571ms)
			LoadAssemblies (61ms)
			RebuildTransferFunctionScriptingTraits (0ms)
			SetupTypeCache (170ms)
			ReleaseScriptCaches (1ms)
			RebuildScriptCaches (27ms)
			SetupLoadedEditorAssemblies (246ms)
				LogAssemblyErrors (0ms)
				InitializePlatformSupportModulesInManaged (4ms)
				SetLoadedEditorAssemblies (0ms)
				RefreshPlugins (0ms)
				BeforeProcessingInitializeOnLoad (42ms)
				ProcessInitializeOnLoadAttributes (191ms)
				ProcessInitializeOnLoadMethodAttributes (4ms)
				AfterProcessingInitializeOnLoad (5ms)
				EditorAssembliesLoaded (0ms)
			ExecutionOrderSort2 (0ms)
			AwakeInstancesAfterBackupRestoration (7ms)
Platform modules already initialized, skipping
Refreshing native plugins compatible for Editor in 0.48 ms, found 3 plugins.
Preloading 0 native plugins for Editor in 0.00 ms.
Unloading 2082 Unused Serialized files (Serialized files now loaded: 0)
System memory in use before: 95.7 MB.
System memory in use after: 95.8 MB.

Unloading 16 unused Assets to reduce memory usage. Loaded Objects now: 2552.
Total: 2.746400 ms (FindLiveObjects: 0.176700 ms CreateObjectMapping: 0.048400 ms MarkObjects: 2.505600 ms  DeleteObjects: 0.014900 ms)

AssetImportParameters requested are different than current active one (requested -> active):
  custom:framework-win-MediaFoundation: 216162199b28c13a410421893ffa2e32 -> 
  custom:video-decoder-ogg-theora: a1e56fd34408186e4bbccfd4996cb3dc -> 
  custom:container-muxer-webm: aa71ff27fc2769a1b78a27578f13a17b -> 
  custom:container-demuxer-webm: 4f35f7cbe854078d1ac9338744f61a02 -> 
  custom:container-demuxer-ogg: 62fdf1f143b41e24485cea50d1cbac27 -> 
  custom:video-encoder-webm-vp8: eb34c28f22e8b96e1ab97ce403110664 -> 
  custom:video-decoder-webm-vp8: 9c59270c3fd7afecdb556c50c9e8de78 -> 
  custom:audio-decoder-ogg-vorbis: bf7c407c2cedff20999df2af8eb42d56 -> 
  custom:audio-encoder-webm-vorbis: bf7c407c2cedff20999df2af8eb42d56 -> 
========================================================================
Received Prepare
Registering precompiled user dll's ...
Registered in 0.003912 seconds.
Begin MonoManager ReloadAssembly
Native extension for WindowsStandalone target not found
Refreshing native plugins compatible for Editor in 0.46 ms, found 3 plugins.
Preloading 0 native plugins for Editor in 0.00 ms.
Mono: successfully reloaded assembly
- Completed reload, in  0.669 seconds
Domain Reload Profiling:
	ReloadAssembly (669ms)
		BeginReloadAssembly (81ms)
			ExecutionOrderSort (0ms)
			DisableScriptedObjects (5ms)
			BackupInstance (0ms)
			ReleaseScriptingObjects (0ms)
			CreateAndSetChildDomain (26ms)
		EndReloadAssembly (547ms)
			LoadAssemblies (61ms)
			RebuildTransferFunctionScriptingTraits (0ms)
			SetupTypeCache (162ms)
			ReleaseScriptCaches (1ms)
			RebuildScriptCaches (27ms)
			SetupLoadedEditorAssemblies (236ms)
				LogAssemblyErrors (0ms)
				InitializePlatformSupportModulesInManaged (3ms)
				SetLoadedEditorAssemblies (0ms)
				RefreshPlugins (1ms)
				BeforeProcessingInitializeOnLoad (40ms)
				ProcessInitializeOnLoadAttributes (183ms)
				ProcessInitializeOnLoadMethodAttributes (4ms)
				AfterProcessingInitializeOnLoad (5ms)
				EditorAssembliesLoaded (0ms)
			ExecutionOrderSort2 (0ms)
			AwakeInstancesAfterBackupRestoration (7ms)
Platform modules already initialized, skipping
Refreshing native plugins compatible for Editor in 0.49 ms, found 3 plugins.
Preloading 0 native plugins for Editor in 0.00 ms.
Unloading 2082 Unused Serialized files (Serialized files now loaded: 0)
System memory in use before: 95.7 MB.
System memory in use after: 95.8 MB.

Unloading 16 unused Assets to reduce memory usage. Loaded Objects now: 2555.
Total: 2.434100 ms (FindLiveObjects: 0.160000 ms CreateObjectMapping: 0.051200 ms MarkObjects: 2.207800 ms  DeleteObjects: 0.014400 ms)

AssetImportParameters requested are different than current active one (requested -> active):
  custom:framework-win-MediaFoundation: 216162199b28c13a410421893ffa2e32 -> 
  custom:video-decoder-ogg-theora: a1e56fd34408186e4bbccfd4996cb3dc -> 
  custom:container-muxer-webm: aa71ff27fc2769a1b78a27578f13a17b -> 
  custom:container-demuxer-webm: 4f35f7cbe854078d1ac9338744f61a02 -> 
  custom:container-demuxer-ogg: 62fdf1f143b41e24485cea50d1cbac27 -> 
  custom:video-encoder-webm-vp8: eb34c28f22e8b96e1ab97ce403110664 -> 
  custom:video-decoder-webm-vp8: 9c59270c3fd7afecdb556c50c9e8de78 -> 
  custom:audio-decoder-ogg-vorbis: bf7c407c2cedff20999df2af8eb42d56 -> 
  custom:audio-encoder-webm-vorbis: bf7c407c2cedff20999df2af8eb42d56 -> 
========================================================================
Received Import Request.
  Time since last request: 2347.141349 seconds.
  path: Assets/Scripts/NewBehaviour.cs
  artifactKey: Guid(eccf0bdafb8f6ca4ea6db67f2f43399f) Importer(815301076,1909f56bfc062723c751e8b465ee728b)
Start importing Assets/Scripts/NewBehaviour.cs using Guid(eccf0bdafb8f6ca4ea6db67f2f43399f) Importer(815301076,1909f56bfc062723c751e8b465ee728b)  -> (artifact id: '5dd93b641a9d06cb24cf395d10cbd10c') in 0.007950 seconds 
  Import took 0.010629 seconds .

========================================================================
Received Import Request.
  Time since last request: 0.021842 seconds.
  path: Assets/Scripts/NewBehaviour.cs
  artifactKey: Guid(eccf0bdafb8f6ca4ea6db67f2f43399f) Importer(815301076,1909f56bfc062723c751e8b465ee728b)
Start importing Assets/Scripts/NewBehaviour.cs using Guid(eccf0bdafb8f6ca4ea6db67f2f43399f) Importer(815301076,1909f56bfc062723c751e8b465ee728b)  -> (artifact id: '5dd93b641a9d06cb24cf395d10cbd10c') in 0.001787 seconds 
  Import took 0.003941 seconds .

========================================================================
Received Prepare
Registering precompiled user dll's ...
Registered in 0.003131 seconds.
Begin MonoManager ReloadAssembly
Native extension for WindowsStandalone target not found
Refreshing native plugins compatible for Editor in 0.49 ms, found 3 plugins.
Preloading 0 native plugins for Editor in 0.00 ms.
Mono: successfully reloaded assembly
- Completed reload, in  0.697 seconds
Domain Reload Profiling:
	ReloadAssembly (698ms)
		BeginReloadAssembly (81ms)
			ExecutionOrderSort (0ms)
			DisableScriptedObjects (5ms)
			BackupInstance (0ms)
			ReleaseScriptingObjects (0ms)
			CreateAndSetChildDomain (27ms)
		EndReloadAssembly (574ms)
			LoadAssemblies (61ms)
			RebuildTransferFunctionScriptingTraits (0ms)
			SetupTypeCache (170ms)
			ReleaseScriptCaches (1ms)
			RebuildScriptCaches (27ms)
			SetupLoadedEditorAssemblies (251ms)
				LogAssemblyErrors (0ms)
				InitializePlatformSupportModulesInManaged (3ms)
				SetLoadedEditorAssemblies (0ms)
				RefreshPlugins (1ms)
				BeforeProcessingInitializeOnLoad (45ms)
				ProcessInitializeOnLoadAttributes (191ms)
				ProcessInitializeOnLoadMethodAttributes (4ms)
				AfterProcessingInitializeOnLoad (5ms)
				EditorAssembliesLoaded (0ms)
			ExecutionOrderSort2 (0ms)
			AwakeInstancesAfterBackupRestoration (8ms)
Platform modules already initialized, skipping
Refreshing native plugins compatible for Editor in 0.48 ms, found 3 plugins.
Preloading 0 native plugins for Editor in 0.00 ms.
Unloading 2082 Unused Serialized files (Serialized files now loaded: 0)
System memory in use before: 95.7 MB.
System memory in use after: 95.8 MB.

Unloading 16 unused Assets to reduce memory usage. Loaded Objects now: 2558.
Total: 2.477500 ms (FindLiveObjects: 0.165700 ms CreateObjectMapping: 0.049200 ms MarkObjects: 2.248700 ms  DeleteObjects: 0.013100 ms)

AssetImportParameters requested are different than current active one (requested -> active):
  custom:framework-win-MediaFoundation: 216162199b28c13a410421893ffa2e32 -> 
  custom:video-decoder-ogg-theora: a1e56fd34408186e4bbccfd4996cb3dc -> 
  custom:container-muxer-webm: aa71ff27fc2769a1b78a27578f13a17b -> 
  custom:container-demuxer-webm: 4f35f7cbe854078d1ac9338744f61a02 -> 
  custom:container-demuxer-ogg: 62fdf1f143b41e24485cea50d1cbac27 -> 
  custom:video-encoder-webm-vp8: eb34c28f22e8b96e1ab97ce403110664 -> 
  custom:video-decoder-webm-vp8: 9c59270c3fd7afecdb556c50c9e8de78 -> 
  custom:audio-decoder-ogg-vorbis: bf7c407c2cedff20999df2af8eb42d56 -> 
  custom:audio-encoder-webm-vorbis: bf7c407c2cedff20999df2af8eb42d56 -> 
========================================================================
Received Prepare
Registering precompiled user dll's ...
Registered in 0.003148 seconds.
Begin MonoManager ReloadAssembly
Native extension for WindowsStandalone target not found
Refreshing native plugins compatible for Editor in 0.46 ms, found 3 plugins.
Preloading 0 native plugins for Editor in 0.00 ms.
Mono: successfully reloaded assembly
- Completed reload, in  0.685 seconds
Domain Reload Profiling:
	ReloadAssembly (686ms)
		BeginReloadAssembly (82ms)
			ExecutionOrderSort (0ms)
			DisableScriptedObjects (5ms)
			BackupInstance (0ms)
			ReleaseScriptingObjects (0ms)
			CreateAndSetChildDomain (27ms)
		EndReloadAssembly (561ms)
			LoadAssemblies (62ms)
			RebuildTransferFunctionScriptingTraits (0ms)
			SetupTypeCache (173ms)
			ReleaseScriptCaches (1ms)
			RebuildScriptCaches (27ms)
			SetupLoadedEditorAssemblies (237ms)
				LogAssemblyErrors (0ms)
				InitializePlatformSupportModulesInManaged (3ms)
				SetLoadedEditorAssemblies (0ms)
				RefreshPlugins (1ms)
				BeforeProcessingInitializeOnLoad (40ms)
				ProcessInitializeOnLoadAttributes (183ms)
				ProcessInitializeOnLoadMethodAttributes (4ms)
				AfterProcessingInitializeOnLoad (5ms)
				EditorAssembliesLoaded (0ms)
			ExecutionOrderSort2 (0ms)
			AwakeInstancesAfterBackupRestoration (7ms)
Platform modules already initialized, skipping
Refreshing native plugins compatible for Editor in 0.48 ms, found 3 plugins.
Preloading 0 native plugins for Editor in 0.00 ms.
Unloading 2082 Unused Serialized files (Serialized files now loaded: 0)
System memory in use before: 95.7 MB.
System memory in use after: 95.8 MB.

Unloading 16 unused Assets to reduce memory usage. Loaded Objects now: 2561.
Total: 2.357500 ms (FindLiveObjects: 0.170500 ms CreateObjectMapping: 0.040800 ms MarkObjects: 2.131500 ms  DeleteObjects: 0.013800 ms)

AssetImportParameters requested are different than current active one (requested -> active):
  custom:framework-win-MediaFoundation: 216162199b28c13a410421893ffa2e32 -> 
  custom:video-decoder-ogg-theora: a1e56fd34408186e4bbccfd4996cb3dc -> 
  custom:container-muxer-webm: aa71ff27fc2769a1b78a27578f13a17b -> 
  custom:container-demuxer-webm: 4f35f7cbe854078d1ac9338744f61a02 -> 
  custom:container-demuxer-ogg: 62fdf1f143b41e24485cea50d1cbac27 -> 
  custom:video-encoder-webm-vp8: eb34c28f22e8b96e1ab97ce403110664 -> 
  custom:video-decoder-webm-vp8: 9c59270c3fd7afecdb556c50c9e8de78 -> 
  custom:audio-decoder-ogg-vorbis: bf7c407c2cedff20999df2af8eb42d56 -> 
  custom:audio-encoder-webm-vorbis: bf7c407c2cedff20999df2af8eb42d56 -> 
========================================================================
Received Import Request.
  Time since last request: 187.126127 seconds.
  path: Assets/Scripts/NewBehaviour.cs
  artifactKey: Guid(eccf0bdafb8f6ca4ea6db67f2f43399f) Importer(815301076,1909f56bfc062723c751e8b465ee728b)
Start importing Assets/Scripts/NewBehaviour.cs using Guid(eccf0bdafb8f6ca4ea6db67f2f43399f) Importer(815301076,1909f56bfc062723c751e8b465ee728b)  -> (artifact id: '64248a203684d1c63ee2288f863eb5da') in 0.004194 seconds 
  Import took 0.006447 seconds .

========================================================================
Received Prepare
Registering precompiled user dll's ...
Registered in 0.002987 seconds.
Begin MonoManager ReloadAssembly
Native extension for WindowsStandalone target not found
Refreshing native plugins compatible for Editor in 0.46 ms, found 3 plugins.
Preloading 0 native plugins for Editor in 0.00 ms.
Mono: successfully reloaded assembly
- Completed reload, in  0.682 seconds
Domain Reload Profiling:
	ReloadAssembly (683ms)
		BeginReloadAssembly (82ms)
			ExecutionOrderSort (0ms)
			DisableScriptedObjects (4ms)
			BackupInstance (0ms)
			ReleaseScriptingObjects (0ms)
			CreateAndSetChildDomain (27ms)
		EndReloadAssembly (559ms)
			LoadAssemblies (59ms)
			RebuildTransferFunctionScriptingTraits (0ms)
			SetupTypeCache (167ms)
			ReleaseScriptCaches (1ms)
			RebuildScriptCaches (27ms)
			SetupLoadedEditorAssemblies (242ms)
				LogAssemblyErrors (0ms)
				InitializePlatformSupportModulesInManaged (3ms)
				SetLoadedEditorAssemblies (0ms)
				RefreshPlugins (0ms)
				BeforeProcessingInitializeOnLoad (41ms)
				ProcessInitializeOnLoadAttributes (187ms)
				ProcessInitializeOnLoadMethodAttributes (4ms)
				AfterProcessingInitializeOnLoad (5ms)
				EditorAssembliesLoaded (0ms)
			ExecutionOrderSort2 (0ms)
			AwakeInstancesAfterBackupRestoration (7ms)
Platform modules already initialized, skipping
Refreshing native plugins compatible for Editor in 0.46 ms, found 3 plugins.
Preloading 0 native plugins for Editor in 0.00 ms.
Unloading 2082 Unused Serialized files (Serialized files now loaded: 0)
System memory in use before: 95.7 MB.
System memory in use after: 95.8 MB.

Unloading 16 unused Assets to reduce memory usage. Loaded Objects now: 2564.
Total: 2.416900 ms (FindLiveObjects: 0.153400 ms CreateObjectMapping: 0.049400 ms MarkObjects: 2.199700 ms  DeleteObjects: 0.013500 ms)

AssetImportParameters requested are different than current active one (requested -> active):
  custom:framework-win-MediaFoundation: 216162199b28c13a410421893ffa2e32 -> 
  custom:video-decoder-ogg-theora: a1e56fd34408186e4bbccfd4996cb3dc -> 
  custom:container-muxer-webm: aa71ff27fc2769a1b78a27578f13a17b -> 
  custom:container-demuxer-webm: 4f35f7cbe854078d1ac9338744f61a02 -> 
  custom:container-demuxer-ogg: 62fdf1f143b41e24485cea50d1cbac27 -> 
  custom:video-encoder-webm-vp8: eb34c28f22e8b96e1ab97ce403110664 -> 
  custom:video-decoder-webm-vp8: 9c59270c3fd7afecdb556c50c9e8de78 -> 
  custom:audio-decoder-ogg-vorbis: bf7c407c2cedff20999df2af8eb42d56 -> 
  custom:audio-encoder-webm-vorbis: bf7c407c2cedff20999df2af8eb42d56 -> 
========================================================================
Received Prepare
Registering precompiled user dll's ...
Registered in 0.003021 seconds.
Begin MonoManager ReloadAssembly
Native extension for WindowsStandalone target not found
Refreshing native plugins compatible for Editor in 0.46 ms, found 3 plugins.
Preloading 0 native plugins for Editor in 0.00 ms.
Mono: successfully reloaded assembly
- Completed reload, in  0.676 seconds
Domain Reload Profiling:
	ReloadAssembly (677ms)
		BeginReloadAssembly (81ms)
			ExecutionOrderSort (0ms)
			DisableScriptedObjects (5ms)
			BackupInstance (0ms)
			ReleaseScriptingObjects (0ms)
			CreateAndSetChildDomain (27ms)
		EndReloadAssembly (554ms)
			LoadAssemblies (59ms)
			RebuildTransferFunctionScriptingTraits (0ms)
			SetupTypeCache (165ms)
			ReleaseScriptCaches (1ms)
			RebuildScriptCaches (26ms)
			SetupLoadedEditorAssemblies (240ms)
				LogAssemblyErrors (0ms)
				InitializePlatformSupportModulesInManaged (3ms)
				SetLoadedEditorAssemblies (0ms)
				RefreshPlugins (0ms)
				BeforeProcessingInitializeOnLoad (40ms)
				ProcessInitializeOnLoadAttributes (185ms)
				ProcessInitializeOnLoadMethodAttributes (5ms)
				AfterProcessingInitializeOnLoad (5ms)
				EditorAssembliesLoaded (0ms)
			ExecutionOrderSort2 (0ms)
			AwakeInstancesAfterBackupRestoration (7ms)
Platform modules already initialized, skipping
Refreshing native plugins compatible for Editor in 0.47 ms, found 3 plugins.
Preloading 0 native plugins for Editor in 0.00 ms.
Unloading 2082 Unused Serialized files (Serialized files now loaded: 0)
System memory in use before: 95.7 MB.
System memory in use after: 95.8 MB.

Unloading 16 unused Assets to reduce memory usage. Loaded Objects now: 2567.
Total: 2.477400 ms (FindLiveObjects: 0.165300 ms CreateObjectMapping: 0.048700 ms MarkObjects: 2.247700 ms  DeleteObjects: 0.013700 ms)

AssetImportParameters requested are different than current active one (requested -> active):
  custom:framework-win-MediaFoundation: 216162199b28c13a410421893ffa2e32 -> 
  custom:video-decoder-ogg-theora: a1e56fd34408186e4bbccfd4996cb3dc -> 
  custom:container-muxer-webm: aa71ff27fc2769a1b78a27578f13a17b -> 
  custom:container-demuxer-webm: 4f35f7cbe854078d1ac9338744f61a02 -> 
  custom:container-demuxer-ogg: 62fdf1f143b41e24485cea50d1cbac27 -> 
  custom:video-encoder-webm-vp8: eb34c28f22e8b96e1ab97ce403110664 -> 
  custom:video-decoder-webm-vp8: 9c59270c3fd7afecdb556c50c9e8de78 -> 
  custom:audio-decoder-ogg-vorbis: bf7c407c2cedff20999df2af8eb42d56 -> 
  custom:audio-encoder-webm-vorbis: bf7c407c2cedff20999df2af8eb42d56 -> 
========================================================================
Received Import Request.
  Time since last request: 52.429095 seconds.
  path: Assets/Scripts/NewBehaviour.cs
  artifactKey: Guid(eccf0bdafb8f6ca4ea6db67f2f43399f) Importer(815301076,1909f56bfc062723c751e8b465ee728b)
Start importing Assets/Scripts/NewBehaviour.cs using Guid(eccf0bdafb8f6ca4ea6db67f2f43399f) Importer(815301076,1909f56bfc062723c751e8b465ee728b)  -> (artifact id: 'e4725a16ec28dec92541301844148fc2') in 0.004363 seconds 
  Import took 0.006926 seconds .

========================================================================
Received Prepare
Registering precompiled user dll's ...
Registered in 0.002983 seconds.
Begin MonoManager ReloadAssembly
Native extension for WindowsStandalone target not found
Refreshing native plugins compatible for Editor in 0.48 ms, found 3 plugins.
Preloading 0 native plugins for Editor in 0.00 ms.
Mono: successfully reloaded assembly
- Completed reload, in  0.669 seconds
Domain Reload Profiling:
	ReloadAssembly (669ms)
		BeginReloadAssembly (81ms)
			ExecutionOrderSort (0ms)
			DisableScriptedObjects (5ms)
			BackupInstance (0ms)
			ReleaseScriptingObjects (0ms)
			CreateAndSetChildDomain (27ms)
		EndReloadAssembly (546ms)
			LoadAssemblies (60ms)
			RebuildTransferFunctionScriptingTraits (0ms)
			SetupTypeCache (163ms)
			ReleaseScriptCaches (1ms)
			RebuildScriptCaches (26ms)
			SetupLoadedEditorAssemblies (236ms)
				LogAssemblyErrors (0ms)
				InitializePlatformSupportModulesInManaged (3ms)
				SetLoadedEditorAssemblies (0ms)
				RefreshPlugins (1ms)
				BeforeProcessingInitializeOnLoad (40ms)
				ProcessInitializeOnLoadAttributes (182ms)
				ProcessInitializeOnLoadMethodAttributes (4ms)
				AfterProcessingInitializeOnLoad (5ms)
				EditorAssembliesLoaded (0ms)
			ExecutionOrderSort2 (0ms)
			AwakeInstancesAfterBackupRestoration (7ms)
Platform modules already initialized, skipping
Refreshing native plugins compatible for Editor in 0.47 ms, found 3 plugins.
Preloading 0 native plugins for Editor in 0.00 ms.
Unloading 2082 Unused Serialized files (Serialized files now loaded: 0)
System memory in use before: 95.7 MB.
System memory in use after: 95.8 MB.

Unloading 16 unused Assets to reduce memory usage. Loaded Objects now: 2570.
Total: 2.491300 ms (FindLiveObjects: 0.148700 ms CreateObjectMapping: 0.049300 ms MarkObjects: 2.278800 ms  DeleteObjects: 0.013900 ms)

AssetImportParameters requested are different than current active one (requested -> active):
  custom:framework-win-MediaFoundation: 216162199b28c13a410421893ffa2e32 -> 
  custom:video-decoder-ogg-theora: a1e56fd34408186e4bbccfd4996cb3dc -> 
  custom:container-muxer-webm: aa71ff27fc2769a1b78a27578f13a17b -> 
  custom:container-demuxer-webm: 4f35f7cbe854078d1ac9338744f61a02 -> 
  custom:container-demuxer-ogg: 62fdf1f143b41e24485cea50d1cbac27 -> 
  custom:video-encoder-webm-vp8: eb34c28f22e8b96e1ab97ce403110664 -> 
  custom:video-decoder-webm-vp8: 9c59270c3fd7afecdb556c50c9e8de78 -> 
  custom:audio-decoder-ogg-vorbis: bf7c407c2cedff20999df2af8eb42d56 -> 
  custom:audio-encoder-webm-vorbis: bf7c407c2cedff20999df2af8eb42d56 -> 
========================================================================
Received Prepare
Registering precompiled user dll's ...
Registered in 0.002835 seconds.
Begin MonoManager ReloadAssembly
Native extension for WindowsStandalone target not found
Refreshing native plugins compatible for Editor in 0.45 ms, found 3 plugins.
Preloading 0 native plugins for Editor in 0.00 ms.
Mono: successfully reloaded assembly
- Completed reload, in  0.659 seconds
Domain Reload Profiling:
	ReloadAssembly (659ms)
		BeginReloadAssembly (80ms)
			ExecutionOrderSort (0ms)
			DisableScriptedObjects (5ms)
			BackupInstance (0ms)
			ReleaseScriptingObjects (0ms)
			CreateAndSetChildDomain (26ms)
		EndReloadAssembly (539ms)
			LoadAssemblies (58ms)
			RebuildTransferFunctionScriptingTraits (0ms)
			SetupTypeCache (162ms)
			ReleaseScriptCaches (1ms)
			RebuildScriptCaches (26ms)
			SetupLoadedEditorAssemblies (231ms)
				LogAssemblyErrors (0ms)
				InitializePlatformSupportModulesInManaged (3ms)
				SetLoadedEditorAssemblies (0ms)
				RefreshPlugins (0ms)
				BeforeProcessingInitializeOnLoad (39ms)
				ProcessInitializeOnLoadAttributes (179ms)
				ProcessInitializeOnLoadMethodAttributes (4ms)
				AfterProcessingInitializeOnLoad (5ms)
				EditorAssembliesLoaded (0ms)
			ExecutionOrderSort2 (0ms)
			AwakeInstancesAfterBackupRestoration (7ms)
Platform modules already initialized, skipping
Refreshing native plugins compatible for Editor in 0.47 ms, found 3 plugins.
Preloading 0 native plugins for Editor in 0.00 ms.
Unloading 2082 Unused Serialized files (Serialized files now loaded: 0)
System memory in use before: 95.7 MB.
System memory in use after: 95.8 MB.

Unloading 16 unused Assets to reduce memory usage. Loaded Objects now: 2573.
Total: 2.395400 ms (FindLiveObjects: 0.150600 ms CreateObjectMapping: 0.048800 ms MarkObjects: 2.181700 ms  DeleteObjects: 0.013600 ms)

AssetImportParameters requested are different than current active one (requested -> active):
  custom:framework-win-MediaFoundation: 216162199b28c13a410421893ffa2e32 -> 
  custom:video-decoder-ogg-theora: a1e56fd34408186e4bbccfd4996cb3dc -> 
  custom:container-muxer-webm: aa71ff27fc2769a1b78a27578f13a17b -> 
  custom:container-demuxer-webm: 4f35f7cbe854078d1ac9338744f61a02 -> 
  custom:container-demuxer-ogg: 62fdf1f143b41e24485cea50d1cbac27 -> 
  custom:video-encoder-webm-vp8: eb34c28f22e8b96e1ab97ce403110664 -> 
  custom:video-decoder-webm-vp8: 9c59270c3fd7afecdb556c50c9e8de78 -> 
  custom:audio-decoder-ogg-vorbis: bf7c407c2cedff20999df2af8eb42d56 -> 
  custom:audio-encoder-webm-vorbis: bf7c407c2cedff20999df2af8eb42d56 -> 
========================================================================
Received Prepare
Registering precompiled user dll's ...
Registered in 0.002887 seconds.
Begin MonoManager ReloadAssembly
Native extension for WindowsStandalone target not found
Refreshing native plugins compatible for Editor in 0.47 ms, found 3 plugins.
Preloading 0 native plugins for Editor in 0.00 ms.
Mono: successfully reloaded assembly
- Completed reload, in  0.680 seconds
Domain Reload Profiling:
	ReloadAssembly (681ms)
		BeginReloadAssembly (82ms)
			ExecutionOrderSort (0ms)
			DisableScriptedObjects (5ms)
			BackupInstance (0ms)
			ReleaseScriptingObjects (0ms)
			CreateAndSetChildDomain (27ms)
		EndReloadAssembly (557ms)
			LoadAssemblies (59ms)
			RebuildTransferFunctionScriptingTraits (0ms)
			SetupTypeCache (166ms)
			ReleaseScriptCaches (1ms)
			RebuildScriptCaches (26ms)
			SetupLoadedEditorAssemblies (241ms)
				LogAssemblyErrors (0ms)
				InitializePlatformSupportModulesInManaged (3ms)
				SetLoadedEditorAssemblies (0ms)
				RefreshPlugins (1ms)
				BeforeProcessingInitializeOnLoad (41ms)
				ProcessInitializeOnLoadAttributes (185ms)
				ProcessInitializeOnLoadMethodAttributes (6ms)
				AfterProcessingInitializeOnLoad (6ms)
				EditorAssembliesLoaded (0ms)
			ExecutionOrderSort2 (0ms)
			AwakeInstancesAfterBackupRestoration (7ms)
Platform modules already initialized, skipping
Refreshing native plugins compatible for Editor in 0.48 ms, found 3 plugins.
Preloading 0 native plugins for Editor in 0.00 ms.
Unloading 2082 Unused Serialized files (Serialized files now loaded: 0)
System memory in use before: 95.7 MB.
System memory in use after: 95.8 MB.

Unloading 16 unused Assets to reduce memory usage. Loaded Objects now: 2576.
Total: 2.455200 ms (FindLiveObjects: 0.158300 ms CreateObjectMapping: 0.049600 ms MarkObjects: 2.233700 ms  DeleteObjects: 0.013000 ms)

AssetImportParameters requested are different than current active one (requested -> active):
  custom:framework-win-MediaFoundation: 216162199b28c13a410421893ffa2e32 -> 
  custom:video-decoder-ogg-theora: a1e56fd34408186e4bbccfd4996cb3dc -> 
  custom:container-muxer-webm: aa71ff27fc2769a1b78a27578f13a17b -> 
  custom:container-demuxer-webm: 4f35f7cbe854078d1ac9338744f61a02 -> 
  custom:container-demuxer-ogg: 62fdf1f143b41e24485cea50d1cbac27 -> 
  custom:video-encoder-webm-vp8: eb34c28f22e8b96e1ab97ce403110664 -> 
  custom:video-decoder-webm-vp8: 9c59270c3fd7afecdb556c50c9e8de78 -> 
  custom:audio-decoder-ogg-vorbis: bf7c407c2cedff20999df2af8eb42d56 -> 
  custom:audio-encoder-webm-vorbis: bf7c407c2cedff20999df2af8eb42d56 -> 
========================================================================
Received Import Request.
  Time since last request: 93.375044 seconds.
  path: Assets/Sounds/nightmareheavy.ogg
  artifactKey: Guid(65788c66bf0c1c34eb7893331556c311) Importer(815301076,1909f56bfc062723c751e8b465ee728b)
Start importing Assets/Sounds/nightmareheavy.ogg using Guid(65788c66bf0c1c34eb7893331556c311) Importer(815301076,1909f56bfc062723c751e8b465ee728b)  -> (artifact id: '7e133f98a2c1cf1bf7bf5dc48a520220') in 0.051109 seconds 
  Import took 0.054314 seconds .

========================================================================
Received Prepare
Registering precompiled user dll's ...
Registered in 0.002982 seconds.
Begin MonoManager ReloadAssembly
Native extension for WindowsStandalone target not found
Refreshing native plugins compatible for Editor in 0.45 ms, found 3 plugins.
Preloading 0 native plugins for Editor in 0.00 ms.
Mono: successfully reloaded assembly
- Completed reload, in  0.662 seconds
Domain Reload Profiling:
	ReloadAssembly (662ms)
		BeginReloadAssembly (81ms)
			ExecutionOrderSort (0ms)
			DisableScriptedObjects (4ms)
			BackupInstance (0ms)
			ReleaseScriptingObjects (0ms)
			CreateAndSetChildDomain (26ms)
		EndReloadAssembly (540ms)
			LoadAssemblies (59ms)
			RebuildTransferFunctionScriptingTraits (0ms)
			SetupTypeCache (163ms)
			ReleaseScriptCaches (1ms)
			RebuildScriptCaches (25ms)
			SetupLoadedEditorAssemblies (231ms)
				LogAssemblyErrors (0ms)
				InitializePlatformSupportModulesInManaged (3ms)
				SetLoadedEditorAssemblies (0ms)
				RefreshPlugins (0ms)
				BeforeProcessingInitializeOnLoad (38ms)
				ProcessInitializeOnLoadAttributes (180ms)
				ProcessInitializeOnLoadMethodAttributes (4ms)
				AfterProcessingInitializeOnLoad (5ms)
				EditorAssembliesLoaded (0ms)
			ExecutionOrderSort2 (0ms)
			AwakeInstancesAfterBackupRestoration (7ms)
Platform modules already initialized, skipping
Refreshing native plugins compatible for Editor in 0.48 ms, found 3 plugins.
Preloading 0 native plugins for Editor in 0.00 ms.
Unloading 2082 Unused Serialized files (Serialized files now loaded: 0)
System memory in use before: 95.8 MB.
System memory in use after: 95.9 MB.

Unloading 16 unused Assets to reduce memory usage. Loaded Objects now: 2586.
Total: 2.469200 ms (FindLiveObjects: 0.163100 ms CreateObjectMapping: 0.050500 ms MarkObjects: 2.240100 ms  DeleteObjects: 0.014700 ms)

AssetImportParameters requested are different than current active one (requested -> active):
  custom:framework-win-MediaFoundation: 216162199b28c13a410421893ffa2e32 -> 
  custom:video-decoder-ogg-theora: a1e56fd34408186e4bbccfd4996cb3dc -> 
  custom:container-muxer-webm: aa71ff27fc2769a1b78a27578f13a17b -> 
  custom:container-demuxer-webm: 4f35f7cbe854078d1ac9338744f61a02 -> 
  custom:container-demuxer-ogg: 62fdf1f143b41e24485cea50d1cbac27 -> 
  custom:video-encoder-webm-vp8: eb34c28f22e8b96e1ab97ce403110664 -> 
  custom:video-decoder-webm-vp8: 9c59270c3fd7afecdb556c50c9e8de78 -> 
  custom:audio-decoder-ogg-vorbis: bf7c407c2cedff20999df2af8eb42d56 -> 
  custom:audio-encoder-webm-vorbis: bf7c407c2cedff20999df2af8eb42d56 -> 
========================================================================
Received Prepare
Registering precompiled user dll's ...
Registered in 0.003074 seconds.
Begin MonoManager ReloadAssembly
Native extension for WindowsStandalone target not found
Refreshing native plugins compatible for Editor in 0.46 ms, found 3 plugins.
Preloading 0 native plugins for Editor in 0.00 ms.
Mono: successfully reloaded assembly
- Completed reload, in  0.686 seconds
Domain Reload Profiling:
	ReloadAssembly (687ms)
		BeginReloadAssembly (81ms)
			ExecutionOrderSort (0ms)
			DisableScriptedObjects (4ms)
			BackupInstance (0ms)
			ReleaseScriptingObjects (0ms)
			CreateAndSetChildDomain (27ms)
		EndReloadAssembly (564ms)
			LoadAssemblies (60ms)
			RebuildTransferFunctionScriptingTraits (0ms)
			SetupTypeCache (167ms)
			ReleaseScriptCaches (1ms)
			RebuildScriptCaches (25ms)
			SetupLoadedEditorAssemblies (243ms)
				LogAssemblyErrors (0ms)
				InitializePlatformSupportModulesInManaged (3ms)
				SetLoadedEditorAssemblies (0ms)
				RefreshPlugins (0ms)
				BeforeProcessingInitializeOnLoad (42ms)
				ProcessInitializeOnLoadAttributes (188ms)
				ProcessInitializeOnLoadMethodAttributes (4ms)
				AfterProcessingInitializeOnLoad (5ms)
				EditorAssembliesLoaded (0ms)
			ExecutionOrderSort2 (0ms)
			AwakeInstancesAfterBackupRestoration (8ms)
Platform modules already initialized, skipping
Refreshing native plugins compatible for Editor in 0.48 ms, found 3 plugins.
Preloading 0 native plugins for Editor in 0.00 ms.
Unloading 2082 Unused Serialized files (Serialized files now loaded: 0)
System memory in use before: 95.8 MB.
System memory in use after: 95.9 MB.

Unloading 16 unused Assets to reduce memory usage. Loaded Objects now: 2589.
Total: 2.574300 ms (FindLiveObjects: 0.217400 ms CreateObjectMapping: 0.047300 ms MarkObjects: 2.292500 ms  DeleteObjects: 0.016200 ms)

AssetImportParameters requested are different than current active one (requested -> active):
  custom:framework-win-MediaFoundation: 216162199b28c13a410421893ffa2e32 -> 
  custom:video-decoder-ogg-theora: a1e56fd34408186e4bbccfd4996cb3dc -> 
  custom:container-muxer-webm: aa71ff27fc2769a1b78a27578f13a17b -> 
  custom:container-demuxer-webm: 4f35f7cbe854078d1ac9338744f61a02 -> 
  custom:container-demuxer-ogg: 62fdf1f143b41e24485cea50d1cbac27 -> 
  custom:video-encoder-webm-vp8: eb34c28f22e8b96e1ab97ce403110664 -> 
  custom:video-decoder-webm-vp8: 9c59270c3fd7afecdb556c50c9e8de78 -> 
  custom:audio-decoder-ogg-vorbis: bf7c407c2cedff20999df2af8eb42d56 -> 
  custom:audio-encoder-webm-vorbis: bf7c407c2cedff20999df2af8eb42d56 -> 
========================================================================
Received Prepare
Registering precompiled user dll's ...
Registered in 0.002933 seconds.
Begin MonoManager ReloadAssembly
Native extension for WindowsStandalone target not found
Refreshing native plugins compatible for Editor in 0.45 ms, found 3 plugins.
Preloading 0 native plugins for Editor in 0.00 ms.
Mono: successfully reloaded assembly
- Completed reload, in  0.663 seconds
Domain Reload Profiling:
	ReloadAssembly (663ms)
		BeginReloadAssembly (79ms)
			ExecutionOrderSort (0ms)
			DisableScriptedObjects (5ms)
			BackupInstance (0ms)
			ReleaseScriptingObjects (0ms)
			CreateAndSetChildDomain (26ms)
		EndReloadAssembly (543ms)
			LoadAssemblies (58ms)
			RebuildTransferFunctionScriptingTraits (0ms)
			SetupTypeCache (161ms)
			ReleaseScriptCaches (1ms)
			RebuildScriptCaches (27ms)
			SetupLoadedEditorAssemblies (232ms)
				LogAssemblyErrors (0ms)
				InitializePlatformSupportModulesInManaged (3ms)
				SetLoadedEditorAssemblies (0ms)
				RefreshPlugins (0ms)
				BeforeProcessingInitializeOnLoad (40ms)
				ProcessInitializeOnLoadAttributes (179ms)
				ProcessInitializeOnLoadMethodAttributes (4ms)
				AfterProcessingInitializeOnLoad (5ms)
				EditorAssembliesLoaded (0ms)
			ExecutionOrderSort2 (0ms)
			AwakeInstancesAfterBackupRestoration (8ms)
Platform modules already initialized, skipping
Refreshing native plugins compatible for Editor in 0.48 ms, found 3 plugins.
Preloading 0 native plugins for Editor in 0.00 ms.
Unloading 2082 Unused Serialized files (Serialized files now loaded: 0)
System memory in use before: 95.8 MB.
System memory in use after: 95.9 MB.

Unloading 16 unused Assets to reduce memory usage. Loaded Objects now: 2592.
Total: 2.410000 ms (FindLiveObjects: 0.159300 ms CreateObjectMapping: 0.049000 ms MarkObjects: 2.186600 ms  DeleteObjects: 0.014400 ms)

AssetImportParameters requested are different than current active one (requested -> active):
  custom:framework-win-MediaFoundation: 216162199b28c13a410421893ffa2e32 -> 
  custom:video-decoder-ogg-theora: a1e56fd34408186e4bbccfd4996cb3dc -> 
  custom:container-muxer-webm: aa71ff27fc2769a1b78a27578f13a17b -> 
  custom:container-demuxer-webm: 4f35f7cbe854078d1ac9338744f61a02 -> 
  custom:container-demuxer-ogg: 62fdf1f143b41e24485cea50d1cbac27 -> 
  custom:video-encoder-webm-vp8: eb34c28f22e8b96e1ab97ce403110664 -> 
  custom:video-decoder-webm-vp8: 9c59270c3fd7afecdb556c50c9e8de78 -> 
  custom:audio-decoder-ogg-vorbis: bf7c407c2cedff20999df2af8eb42d56 -> 
  custom:audio-encoder-webm-vorbis: bf7c407c2cedff20999df2af8eb42d56 -> 
========================================================================
Received Prepare
Registering precompiled user dll's ...
Registered in 0.002919 seconds.
Begin MonoManager ReloadAssembly
Native extension for WindowsStandalone target not found
Refreshing native plugins compatible for Editor in 0.45 ms, found 3 plugins.
Preloading 0 native plugins for Editor in 0.00 ms.
Mono: successfully reloaded assembly
- Completed reload, in  0.667 seconds
Domain Reload Profiling:
	ReloadAssembly (667ms)
		BeginReloadAssembly (80ms)
			ExecutionOrderSort (0ms)
			DisableScriptedObjects (4ms)
			BackupInstance (0ms)
			ReleaseScriptingObjects (0ms)
			CreateAndSetChildDomain (27ms)
		EndReloadAssembly (546ms)
			LoadAssemblies (59ms)
			RebuildTransferFunctionScriptingTraits (0ms)
			SetupTypeCache (166ms)
			ReleaseScriptCaches (1ms)
			RebuildScriptCaches (25ms)
			SetupLoadedEditorAssemblies (232ms)
				LogAssemblyErrors (0ms)
				InitializePlatformSupportModulesInManaged (3ms)
				SetLoadedEditorAssemblies (0ms)
				RefreshPlugins (0ms)
				BeforeProcessingInitializeOnLoad (40ms)
				ProcessInitializeOnLoadAttributes (179ms)
				ProcessInitializeOnLoadMethodAttributes (4ms)
				AfterProcessingInitializeOnLoad (5ms)
				EditorAssembliesLoaded (0ms)
			ExecutionOrderSort2 (0ms)
			AwakeInstancesAfterBackupRestoration (7ms)
Platform modules already initialized, skipping
Refreshing native plugins compatible for Editor in 0.47 ms, found 3 plugins.
Preloading 0 native plugins for Editor in 0.00 ms.
Unloading 2082 Unused Serialized files (Serialized files now loaded: 0)
System memory in use before: 95.8 MB.
System memory in use after: 95.9 MB.

Unloading 16 unused Assets to reduce memory usage. Loaded Objects now: 2595.
Total: 2.462400 ms (FindLiveObjects: 0.157800 ms CreateObjectMapping: 0.049400 ms MarkObjects: 2.240700 ms  DeleteObjects: 0.013700 ms)

AssetImportParameters requested are different than current active one (requested -> active):
  custom:framework-win-MediaFoundation: 216162199b28c13a410421893ffa2e32 -> 
  custom:video-decoder-ogg-theora: a1e56fd34408186e4bbccfd4996cb3dc -> 
  custom:container-muxer-webm: aa71ff27fc2769a1b78a27578f13a17b -> 
  custom:container-demuxer-webm: 4f35f7cbe854078d1ac9338744f61a02 -> 
  custom:container-demuxer-ogg: 62fdf1f143b41e24485cea50d1cbac27 -> 
  custom:video-encoder-webm-vp8: eb34c28f22e8b96e1ab97ce403110664 -> 
  custom:video-decoder-webm-vp8: 9c59270c3fd7afecdb556c50c9e8de78 -> 
  custom:audio-decoder-ogg-vorbis: bf7c407c2cedff20999df2af8eb42d56 -> 
  custom:audio-encoder-webm-vorbis: bf7c407c2cedff20999df2af8eb42d56 -> 
AssetImportWorkerClient::OnTransportError - code=2 error=End of file
